#! /opt/homebrew/Cellar/icarus-verilog/13.0/bin/vvp
:ivl_version "13.0 (stable)" "(v13_0)";
:ivl_delay_selection "TYPICAL";
:vpi_time_precision - 12;
:vpi_module "/opt/homebrew/Cellar/icarus-verilog/13.0/lib/ivl/system.vpi";
:vpi_module "/opt/homebrew/Cellar/icarus-verilog/13.0/lib/ivl/vhdl_sys.vpi";
:vpi_module "/opt/homebrew/Cellar/icarus-verilog/13.0/lib/ivl/vhdl_textio.vpi";
:vpi_module "/opt/homebrew/Cellar/icarus-verilog/13.0/lib/ivl/v2005_math.vpi";
:vpi_module "/opt/homebrew/Cellar/icarus-verilog/13.0/lib/ivl/va_math.vpi";
S_0x1051f2e20 .scope module, "TOP_tb" "TOP_tb" 2 4;
 .timescale -9 -12;
P_0xcab061d00 .param/l "TEST_SIZE" 0 2 5, +C4<00000000000000000010011100010000>;
v0xcab0954a0_0 .var/i "FAILED", 31 0;
v0xcab095540_0 .var/i "PASSED", 31 0;
v0xcab0955e0_0 .var "RegWrite", 0 0;
v0xcab095680 .array "RegWrite_mem", 9999 0, 0 0;
v0xcab095720_0 .var "clk", 0 0;
v0xcab0957c0_0 .var "funct", 3 0;
v0xcab095860 .array "funct_mem", 9999 0, 3 0;
v0xcab095900_0 .var/i "i", 31 0;
v0xcab0959a0_0 .var "rd_addr1", 4 0;
v0xcab095a40 .array "rd_addr1_mem", 9999 0, 4 0;
v0xcab095ae0_0 .var "rd_addr2", 4 0;
v0xcab095b80 .array "rd_addr2_mem", 9999 0, 4 0;
v0xcab095c20_0 .net "rd_data1", 31 0, v0xcab094a00_0;  1 drivers
v0xcab095cc0 .array "rd_data1_mem", 9999 0, 31 0;
v0xcab095d60_0 .net "rd_data2", 31 0, v0xcab094aa0_0;  1 drivers
v0xcab095e00 .array "rd_data2_mem", 9999 0, 31 0;
v0xcab095ea0_0 .var "rst", 0 0;
v0xcab095f40_0 .var "shamt", 4 0;
v0xcab095fe0 .array "shamt_mem", 9999 0, 4 0;
v0xcab096080_0 .var "wr_addr", 4 0;
v0xcab096120 .array "wr_addr_mem", 9999 0, 4 0;
v0xcab0961c0_0 .net "wr_data", 31 0, v0xcab094460_0;  1 drivers
v0xcab096260 .array "wr_data_mem", 9999 0, 31 0;
S_0x1051f2fa0 .scope task, "Test" "Test" 2 61, 2 61 0, S_0x1051f2e20;
 .timescale -9 -12;
v0x1051fb1a0_0 .var "RegWrite_in", 0 0;
v0x1051faea0_0 .var "funct_in", 5 0;
v0xcab094000_0 .var "rd_addr1_in", 4 0;
v0xcab0940a0_0 .var "rd_addr2_in", 4 0;
v0xcab094140_0 .var "rd_data1_in", 31 0;
v0xcab0941e0_0 .var "rd_data2_in", 31 0;
v0xcab094280_0 .var "shamt_in", 4 0;
v0xcab094320_0 .var "wr_addr_in", 4 0;
v0xcab0943c0_0 .var "wr_data_in", 31 0;
TD_TOP_tb.Test ;
    %delay 1000, 0;
    %load/vec4 v0xcab094000_0;
    %store/vec4 v0xcab0959a0_0, 0, 5;
    %load/vec4 v0xcab0940a0_0;
    %store/vec4 v0xcab095ae0_0, 0, 5;
    %load/vec4 v0xcab094320_0;
    %store/vec4 v0xcab096080_0, 0, 5;
    %load/vec4 v0xcab094280_0;
    %store/vec4 v0xcab095f40_0, 0, 5;
    %load/vec4 v0x1051faea0_0;
    %pad/u 4;
    %store/vec4 v0xcab0957c0_0, 0, 4;
    %load/vec4 v0x1051fb1a0_0;
    %store/vec4 v0xcab0955e0_0, 0, 1;
    %delay 1000, 0;
    %load/vec4 v0xcab095c20_0;
    %load/vec4 v0xcab094140_0;
    %cmp/e;
    %flag_get/vec4 4;
    %jmp/0 T_0.3, 4;
    %load/vec4 v0xcab095d60_0;
    %load/vec4 v0xcab0941e0_0;
    %cmp/e;
    %flag_get/vec4 4;
    %and;
T_0.3;
    %flag_set/vec4 9;
    %flag_get/vec4 9;
    %jmp/0 T_0.2, 9;
    %load/vec4 v0xcab0961c0_0;
    %load/vec4 v0xcab0943c0_0;
    %cmp/e;
    %flag_get/vec4 4;
    %and;
T_0.2;
    %flag_set/vec4 8;
    %jmp/0xz  T_0.0, 8;
    %vpi_call 2 84 "$display", "PASSED" {0 0 0};
    %load/vec4 v0xcab095540_0;
    %addi 1, 0, 32;
    %store/vec4 v0xcab095540_0, 0, 32;
    %jmp T_0.1;
T_0.0 ;
    %vpi_call 2 88 "$display", "FAILED" {0 0 0};
    %vpi_call 2 89 "$display", "rd_addr1 = %d ", v0xcab0959a0_0 {0 0 0};
    %vpi_call 2 90 "$display", "rd_data1 = %h (Ans : %h) ", v0xcab095c20_0, v0xcab094140_0, "rd_data2 = %h (Ans : %h) ", v0xcab095d60_0, v0xcab0941e0_0, "wr_data = %h (Ans : %h)", v0xcab0961c0_0, v0xcab0943c0_0 {0 0 0};
    %load/vec4 v0xcab0954a0_0;
    %addi 1, 0, 32;
    %store/vec4 v0xcab0954a0_0, 0, 32;
T_0.1 ;
    %delay 8000, 0;
    %end;
S_0x1051f1d80 .scope module, "top_u" "TOP" 2 46, 3 3 0, S_0x1051f2e20;
 .timescale -9 -10;
    .port_info 0 /INPUT 1 "clk";
    .port_info 1 /INPUT 1 "rst";
    .port_info 2 /INPUT 5 "rd_addr1";
    .port_info 3 /INPUT 5 "rd_addr2";
    .port_info 4 /INPUT 1 "RegWrite";
    .port_info 5 /INPUT 5 "wr_addr";
    .port_info 6 /INPUT 5 "shamt";
    .port_info 7 /INPUT 4 "funct";
    .port_info 8 /OUTPUT 32 "rd_data1";
    .port_info 9 /OUTPUT 32 "rd_data2";
    .port_info 10 /OUTPUT 32 "wr_data";
v0xcab094dc0_0 .net "RegWrite", 0 0, v0xcab0955e0_0;  1 drivers
v0xcab094e60_0 .net "clk", 0 0, v0xcab095720_0;  1 drivers
v0xcab094f00_0 .net "funct", 3 0, v0xcab0957c0_0;  1 drivers
v0xcab094fa0_0 .net "rd_addr1", 4 0, v0xcab0959a0_0;  1 drivers
v0xcab095040_0 .net "rd_addr2", 4 0, v0xcab095ae0_0;  1 drivers
v0xcab0950e0_0 .net "rd_data1", 31 0, v0xcab094a00_0;  alias, 1 drivers
v0xcab095180_0 .net "rd_data2", 31 0, v0xcab094aa0_0;  alias, 1 drivers
v0xcab095220_0 .net "rst", 0 0, v0xcab095ea0_0;  1 drivers
v0xcab0952c0_0 .net "shamt", 4 0, v0xcab095f40_0;  1 drivers
v0xcab095360_0 .net "wr_addr", 4 0, v0xcab096080_0;  1 drivers
v0xcab095400_0 .net "wr_data", 31 0, v0xcab094460_0;  alias, 1 drivers
S_0x1051f1f00 .scope module, "alu" "ALU" 3 35, 4 5 0, S_0x1051f1d80;
 .timescale -9 -12;
    .port_info 0 /INPUT 32 "operand1";
    .port_info 1 /INPUT 32 "operand2";
    .port_info 2 /INPUT 5 "shamt";
    .port_info 3 /INPUT 4 "funct";
    .port_info 4 /OUTPUT 32 "alu_result";
v0xcab094460_0 .var "alu_result", 31 0;
v0xcab094500_0 .net "funct", 3 0, v0xcab0957c0_0;  alias, 1 drivers
v0xcab0945a0_0 .net "operand1", 31 0, v0xcab094a00_0;  alias, 1 drivers
v0xcab094640_0 .net "operand2", 31 0, v0xcab094aa0_0;  alias, 1 drivers
v0xcab0946e0_0 .net "shamt", 4 0, v0xcab095f40_0;  alias, 1 drivers
E_0xcaac00d40 .event anyedge, v0xcab094500_0, v0xcab0945a0_0, v0xcab094640_0, v0xcab0946e0_0;
S_0x1051eca10 .scope module, "register" "RF" 3 25, 5 3 0, S_0x1051f1d80;
 .timescale -9 -10;
    .port_info 0 /INPUT 1 "clk";
    .port_info 1 /INPUT 1 "rst";
    .port_info 2 /INPUT 5 "rd_addr1";
    .port_info 3 /INPUT 5 "rd_addr2";
    .port_info 4 /OUTPUT 32 "rd_data1";
    .port_info 5 /OUTPUT 32 "rd_data2";
    .port_info 6 /INPUT 1 "RegWrite";
    .port_info 7 /INPUT 5 "wr_addr";
    .port_info 8 /INPUT 32 "wr_data";
v0xcab094780_0 .net "RegWrite", 0 0, v0xcab0955e0_0;  alias, 1 drivers
v0xcab094820_0 .net "clk", 0 0, v0xcab095720_0;  alias, 1 drivers
v0xcab0948c0_0 .net "rd_addr1", 4 0, v0xcab0959a0_0;  alias, 1 drivers
v0xcab094960_0 .net "rd_addr2", 4 0, v0xcab095ae0_0;  alias, 1 drivers
v0xcab094a00_0 .var "rd_data1", 31 0;
v0xcab094aa0_0 .var "rd_data2", 31 0;
v0xcab094b40 .array "register_file", 31 0, 31 0;
v0xcab094be0_0 .net "rst", 0 0, v0xcab095ea0_0;  alias, 1 drivers
v0xcab094c80_0 .net "wr_addr", 4 0, v0xcab096080_0;  alias, 1 drivers
v0xcab094d20_0 .net "wr_data", 31 0, v0xcab094460_0;  alias, 1 drivers
E_0xcaac00d80 .event posedge, v0xcab094820_0;
v0xcab094b40_0 .array/port v0xcab094b40, 0;
v0xcab094b40_1 .array/port v0xcab094b40, 1;
v0xcab094b40_2 .array/port v0xcab094b40, 2;
E_0xcaac00dc0/0 .event anyedge, v0xcab0948c0_0, v0xcab094b40_0, v0xcab094b40_1, v0xcab094b40_2;
v0xcab094b40_3 .array/port v0xcab094b40, 3;
v0xcab094b40_4 .array/port v0xcab094b40, 4;
v0xcab094b40_5 .array/port v0xcab094b40, 5;
v0xcab094b40_6 .array/port v0xcab094b40, 6;
E_0xcaac00dc0/1 .event anyedge, v0xcab094b40_3, v0xcab094b40_4, v0xcab094b40_5, v0xcab094b40_6;
v0xcab094b40_7 .array/port v0xcab094b40, 7;
v0xcab094b40_8 .array/port v0xcab094b40, 8;
v0xcab094b40_9 .array/port v0xcab094b40, 9;
v0xcab094b40_10 .array/port v0xcab094b40, 10;
E_0xcaac00dc0/2 .event anyedge, v0xcab094b40_7, v0xcab094b40_8, v0xcab094b40_9, v0xcab094b40_10;
v0xcab094b40_11 .array/port v0xcab094b40, 11;
v0xcab094b40_12 .array/port v0xcab094b40, 12;
v0xcab094b40_13 .array/port v0xcab094b40, 13;
v0xcab094b40_14 .array/port v0xcab094b40, 14;
E_0xcaac00dc0/3 .event anyedge, v0xcab094b40_11, v0xcab094b40_12, v0xcab094b40_13, v0xcab094b40_14;
v0xcab094b40_15 .array/port v0xcab094b40, 15;
v0xcab094b40_16 .array/port v0xcab094b40, 16;
v0xcab094b40_17 .array/port v0xcab094b40, 17;
v0xcab094b40_18 .array/port v0xcab094b40, 18;
E_0xcaac00dc0/4 .event anyedge, v0xcab094b40_15, v0xcab094b40_16, v0xcab094b40_17, v0xcab094b40_18;
v0xcab094b40_19 .array/port v0xcab094b40, 19;
v0xcab094b40_20 .array/port v0xcab094b40, 20;
v0xcab094b40_21 .array/port v0xcab094b40, 21;
v0xcab094b40_22 .array/port v0xcab094b40, 22;
E_0xcaac00dc0/5 .event anyedge, v0xcab094b40_19, v0xcab094b40_20, v0xcab094b40_21, v0xcab094b40_22;
v0xcab094b40_23 .array/port v0xcab094b40, 23;
v0xcab094b40_24 .array/port v0xcab094b40, 24;
v0xcab094b40_25 .array/port v0xcab094b40, 25;
v0xcab094b40_26 .array/port v0xcab094b40, 26;
E_0xcaac00dc0/6 .event anyedge, v0xcab094b40_23, v0xcab094b40_24, v0xcab094b40_25, v0xcab094b40_26;
v0xcab094b40_27 .array/port v0xcab094b40, 27;
v0xcab094b40_28 .array/port v0xcab094b40, 28;
v0xcab094b40_29 .array/port v0xcab094b40, 29;
v0xcab094b40_30 .array/port v0xcab094b40, 30;
E_0xcaac00dc0/7 .event anyedge, v0xcab094b40_27, v0xcab094b40_28, v0xcab094b40_29, v0xcab094b40_30;
v0xcab094b40_31 .array/port v0xcab094b40, 31;
E_0xcaac00dc0/8 .event anyedge, v0xcab094b40_31, v0xcab094960_0;
E_0xcaac00dc0 .event/or E_0xcaac00dc0/0, E_0xcaac00dc0/1, E_0xcaac00dc0/2, E_0xcaac00dc0/3, E_0xcaac00dc0/4, E_0xcaac00dc0/5, E_0xcaac00dc0/6, E_0xcaac00dc0/7, E_0xcaac00dc0/8;
    .scope S_0x1051eca10;
T_1 ;
    %wait E_0xcaac00dc0;
    %load/vec4 v0xcab0948c0_0;
    %pad/u 7;
    %ix/vec4 4;
    %load/vec4a v0xcab094b40, 4;
    %store/vec4 v0xcab094a00_0, 0, 32;
    %load/vec4 v0xcab094960_0;
    %pad/u 7;
    %ix/vec4 4;
    %load/vec4a v0xcab094b40, 4;
    %store/vec4 v0xcab094aa0_0, 0, 32;
    %jmp T_1;
    .thread T_1, $push;
    .scope S_0x1051eca10;
T_2 ;
    %wait E_0xcaac00d80;
    %load/vec4 v0xcab094be0_0;
    %flag_set/vec4 8;
    %jmp/0xz  T_2.0, 8;
    %vpi_call 5 28 "$readmemh", "initial_reg.mem", v0xcab094b40 {0 0 0};
T_2.0 ;
    %load/vec4 v0xcab094780_0;
    %flag_set/vec4 8;
    %jmp/0xz  T_2.2, 8;
    %load/vec4 v0xcab094d20_0;
    %load/vec4 v0xcab094c80_0;
    %pad/u 7;
    %ix/vec4 3;
    %ix/load 4, 0, 0; Constant delay
    %assign/vec4/a/d v0xcab094b40, 0, 4;
T_2.2 ;
    %jmp T_2;
    .thread T_2;
    .scope S_0x1051f1f00;
T_3 ;
    %wait E_0xcaac00d40;
    %load/vec4 v0xcab094500_0;
    %dup/vec4;
    %pushi/vec4 0, 0, 4;
    %cmp/u;
    %jmp/1 T_3.0, 6;
    %dup/vec4;
    %pushi/vec4 1, 0, 4;
    %cmp/u;
    %jmp/1 T_3.1, 6;
    %dup/vec4;
    %pushi/vec4 2, 0, 4;
    %cmp/u;
    %jmp/1 T_3.2, 6;
    %dup/vec4;
    %pushi/vec4 3, 0, 4;
    %cmp/u;
    %jmp/1 T_3.3, 6;
    %dup/vec4;
    %pushi/vec4 4, 0, 4;
    %cmp/u;
    %jmp/1 T_3.4, 6;
    %dup/vec4;
    %pushi/vec4 5, 0, 4;
    %cmp/u;
    %jmp/1 T_3.5, 6;
    %dup/vec4;
    %pushi/vec4 6, 0, 4;
    %cmp/u;
    %jmp/1 T_3.6, 6;
    %dup/vec4;
    %pushi/vec4 7, 0, 4;
    %cmp/u;
    %jmp/1 T_3.7, 6;
    %dup/vec4;
    %pushi/vec4 8, 0, 4;
    %cmp/u;
    %jmp/1 T_3.8, 6;
    %dup/vec4;
    %pushi/vec4 9, 0, 4;
    %cmp/u;
    %jmp/1 T_3.9, 6;
    %dup/vec4;
    %pushi/vec4 10, 0, 4;
    %cmp/u;
    %jmp/1 T_3.10, 6;
    %dup/vec4;
    %pushi/vec4 11, 0, 4;
    %cmp/u;
    %jmp/1 T_3.11, 6;
    %dup/vec4;
    %pushi/vec4 12, 0, 4;
    %cmp/u;
    %jmp/1 T_3.12, 6;
    %dup/vec4;
    %pushi/vec4 13, 0, 4;
    %cmp/u;
    %jmp/1 T_3.13, 6;
    %pushi/vec4 0, 0, 32;
    %store/vec4 v0xcab094460_0, 0, 32;
    %jmp T_3.15;
T_3.0 ;
    %load/vec4 v0xcab0945a0_0;
    %load/vec4 v0xcab094640_0;
    %add;
    %store/vec4 v0xcab094460_0, 0, 32;
    %jmp T_3.15;
T_3.1 ;
    %load/vec4 v0xcab0945a0_0;
    %load/vec4 v0xcab094640_0;
    %and;
    %store/vec4 v0xcab094460_0, 0, 32;
    %jmp T_3.15;
T_3.2 ;
    %load/vec4 v0xcab0945a0_0;
    %load/vec4 v0xcab094640_0;
    %or;
    %inv;
    %store/vec4 v0xcab094460_0, 0, 32;
    %jmp T_3.15;
T_3.3 ;
    %load/vec4 v0xcab0945a0_0;
    %load/vec4 v0xcab094640_0;
    %or;
    %store/vec4 v0xcab094460_0, 0, 32;
    %jmp T_3.15;
T_3.4 ;
    %load/vec4 v0xcab094640_0;
    %ix/getv 4, v0xcab0946e0_0;
    %shiftl 4;
    %store/vec4 v0xcab094460_0, 0, 32;
    %jmp T_3.15;
T_3.5 ;
    %load/vec4 v0xcab094640_0;
    %ix/getv 4, v0xcab0946e0_0;
    %shiftr/s 4;
    %store/vec4 v0xcab094460_0, 0, 32;
    %jmp T_3.15;
T_3.6 ;
    %load/vec4 v0xcab094640_0;
    %ix/getv 4, v0xcab0946e0_0;
    %shiftr 4;
    %store/vec4 v0xcab094460_0, 0, 32;
    %jmp T_3.15;
T_3.7 ;
    %load/vec4 v0xcab0945a0_0;
    %load/vec4 v0xcab094640_0;
    %sub;
    %store/vec4 v0xcab094460_0, 0, 32;
    %jmp T_3.15;
T_3.8 ;
    %load/vec4 v0xcab0945a0_0;
    %load/vec4 v0xcab094640_0;
    %xor;
    %store/vec4 v0xcab094460_0, 0, 32;
    %jmp T_3.15;
T_3.9 ;
    %load/vec4 v0xcab0945a0_0;
    %load/vec4 v0xcab094640_0;
    %cmp/s;
    %flag_mov 8, 5;
    %jmp/0 T_3.16, 8;
    %pushi/vec4 1, 0, 32;
    %jmp/1 T_3.17, 8;
T_3.16 ; End of true expr.
    %pushi/vec4 0, 0, 32;
    %jmp/0 T_3.17, 8;
 ; End of false expr.
    %blend;
T_3.17;
    %store/vec4 v0xcab094460_0, 0, 32;
    %jmp T_3.15;
T_3.10 ;
    %load/vec4 v0xcab0945a0_0;
    %load/vec4 v0xcab094640_0;
    %cmp/u;
    %flag_mov 8, 5;
    %jmp/0 T_3.18, 8;
    %pushi/vec4 1, 0, 32;
    %jmp/1 T_3.19, 8;
T_3.18 ; End of true expr.
    %pushi/vec4 0, 0, 32;
    %jmp/0 T_3.19, 8;
 ; End of false expr.
    %blend;
T_3.19;
    %store/vec4 v0xcab094460_0, 0, 32;
    %jmp T_3.15;
T_3.11 ;
    %load/vec4 v0xcab0945a0_0;
    %load/vec4 v0xcab094640_0;
    %cmp/e;
    %flag_mov 8, 4;
    %jmp/0 T_3.20, 8;
    %pushi/vec4 1, 0, 32;
    %jmp/1 T_3.21, 8;
T_3.20 ; End of true expr.
    %pushi/vec4 0, 0, 32;
    %jmp/0 T_3.21, 8;
 ; End of false expr.
    %blend;
T_3.21;
    %store/vec4 v0xcab094460_0, 0, 32;
    %jmp T_3.15;
T_3.12 ;
    %load/vec4 v0xcab0945a0_0;
    %load/vec4 v0xcab094640_0;
    %cmp/ne;
    %flag_mov 8, 4;
    %jmp/0 T_3.22, 8;
    %pushi/vec4 1, 0, 32;
    %jmp/1 T_3.23, 8;
T_3.22 ; End of true expr.
    %pushi/vec4 0, 0, 32;
    %jmp/0 T_3.23, 8;
 ; End of false expr.
    %blend;
T_3.23;
    %store/vec4 v0xcab094460_0, 0, 32;
    %jmp T_3.15;
T_3.13 ;
    %load/vec4 v0xcab094640_0;
    %parti/s 16, 0, 2;
    %concati/vec4 0, 0, 16;
    %store/vec4 v0xcab094460_0, 0, 32;
    %jmp T_3.15;
T_3.15 ;
    %pop/vec4 1;
    %jmp T_3;
    .thread T_3, $push;
    .scope S_0x1051f2e20;
T_4 ;
    %vpi_call 2 35 "$readmemb", "rd_addr1.mem", v0xcab095a40 {0 0 0};
    %vpi_call 2 36 "$readmemb", "rd_addr2.mem", v0xcab095b80 {0 0 0};
    %vpi_call 2 37 "$readmemb", "wr_addr.mem", v0xcab096120 {0 0 0};
    %vpi_call 2 38 "$readmemb", "shamt.mem", v0xcab095fe0 {0 0 0};
    %vpi_call 2 39 "$readmemb", "funct.mem", v0xcab095860 {0 0 0};
    %vpi_call 2 40 "$readmemb", "regwr.mem", v0xcab095680 {0 0 0};
    %vpi_call 2 41 "$readmemh", "rd_data1.mem", v0xcab095cc0 {0 0 0};
    %vpi_call 2 42 "$readmemh", "rd_data2.mem", v0xcab095e00 {0 0 0};
    %vpi_call 2 43 "$readmemh", "wr_data.mem", v0xcab096260 {0 0 0};
    %end;
    .thread T_4;
    .scope S_0x1051f2e20;
T_5 ;
    %pushi/vec4 0, 0, 1;
    %store/vec4 v0xcab095720_0, 0, 1;
T_5.0 ;
    %delay 5000, 0;
    %load/vec4 v0xcab095720_0;
    %inv;
    %store/vec4 v0xcab095720_0, 0, 1;
    %jmp T_5.0;
T_5.1 ;
    %end;
    .thread T_5;
    .scope S_0x1051f2e20;
T_6 ;
    %pushi/vec4 0, 0, 32;
    %store/vec4 v0xcab095900_0, 0, 32;
    %pushi/vec4 0, 0, 32;
    %store/vec4 v0xcab095540_0, 0, 32;
    %pushi/vec4 0, 0, 32;
    %store/vec4 v0xcab0954a0_0, 0, 32;
    %pushi/vec4 1, 0, 1;
    %store/vec4 v0xcab095ea0_0, 0, 1;
    %pushi/vec4 0, 0, 1;
    %store/vec4 v0xcab0955e0_0, 0, 1;
    %delay 15000, 0;
    %pushi/vec4 0, 0, 1;
    %store/vec4 v0xcab095ea0_0, 0, 1;
    %delay 10000, 0;
    %pushi/vec4 0, 0, 32;
    %store/vec4 v0xcab095900_0, 0, 32;
T_6.0 ; Top of for-loop
    %load/vec4 v0xcab095900_0;
    %cmpi/s 10000, 0, 32;
	  %jmp/0xz T_6.1, 5;
    %ix/getv/s 4, v0xcab095900_0;
    %load/vec4a v0xcab095a40, 4;
    %store/vec4 v0xcab094000_0, 0, 5;
    %ix/getv/s 4, v0xcab095900_0;
    %load/vec4a v0xcab095b80, 4;
    %store/vec4 v0xcab0940a0_0, 0, 5;
    %ix/getv/s 4, v0xcab095900_0;
    %load/vec4a v0xcab096120, 4;
    %store/vec4 v0xcab094320_0, 0, 5;
    %ix/getv/s 4, v0xcab095900_0;
    %load/vec4a v0xcab095fe0, 4;
    %store/vec4 v0xcab094280_0, 0, 5;
    %ix/getv/s 4, v0xcab095900_0;
    %load/vec4a v0xcab095860, 4;
    %pad/u 6;
    %store/vec4 v0x1051faea0_0, 0, 6;
    %ix/getv/s 4, v0xcab095900_0;
    %load/vec4a v0xcab095680, 4;
    %store/vec4 v0x1051fb1a0_0, 0, 1;
    %ix/getv/s 4, v0xcab095900_0;
    %load/vec4a v0xcab095cc0, 4;
    %store/vec4 v0xcab094140_0, 0, 32;
    %ix/getv/s 4, v0xcab095900_0;
    %load/vec4a v0xcab095e00, 4;
    %store/vec4 v0xcab0941e0_0, 0, 32;
    %ix/getv/s 4, v0xcab095900_0;
    %load/vec4a v0xcab096260, 4;
    %store/vec4 v0xcab0943c0_0, 0, 32;
    %fork TD_TOP_tb.Test, S_0x1051f2fa0;
    %join;
T_6.2 ; for-loop step statement
    %load/vec4 v0xcab095900_0;
    %addi 1, 0, 32;
    %store/vec4 v0xcab095900_0, 0, 32;
    %jmp T_6.0;
T_6.1 ; for-loop exit label
    %delay 10000, 0;
    %vpi_call 2 123 "$display", "PASSED = %0d, FAILED = %0d", v0xcab095540_0, v0xcab0954a0_0 {0 0 0};
    %vpi_call 2 124 "$finish" {0 0 0};
    %end;
    .thread T_6;
# The file index is used to find the file name in the following table.
:file_names 6;
    "N/A";
    "<interactive>";
    "TOP_tb.v";
    "TOP.v";
    "ALU.v";
    "RF.v";
