[Cycle    1] PC: 00000000 | opcode: 00 | inst_ID: 00000021 | Flush: 0 || WB_RegWrite: 0 | WB_Addr:  0 | WB_Data: 00000000
[Cycle    2] PC: 00000004 | opcode: 0f | inst_ID: 3c0158f6 | Flush: 0 || WB_RegWrite: 0 | WB_Addr:  0 | WB_Data: 00000000
[Cycle    3] PC: 00000008 | opcode: 0d | inst_ID: 3428c28c | Flush: 0 || WB_RegWrite: 0 | WB_Addr:  0 | WB_Data: 00000000
[Cycle    4] PC: 0000000c | opcode: 0f | inst_ID: 3c01c069 | Flush: 0 || WB_RegWrite: 1 | WB_Addr:  0 | WB_Data: 00000000
[Cycle    5] PC: 00000010 | opcode: 0d | inst_ID: 34294927 | Flush: 0 || WB_RegWrite: 1 | WB_Addr:  1 | WB_Data: 58f60000
[Cycle    6] PC: 00000014 | opcode: 0f | inst_ID: 3c015985 | Flush: 0 || WB_RegWrite: 1 | WB_Addr:  8 | WB_Data: 58f6c28c
[Cycle    7] PC: 00000018 | opcode: 0d | inst_ID: 342a03f5 | Flush: 0 || WB_RegWrite: 1 | WB_Addr:  1 | WB_Data: c0690000
[Cycle    8] PC: 0000001c | opcode: 0f | inst_ID: 3c01e281 | Flush: 0 || WB_RegWrite: 1 | WB_Addr:  9 | WB_Data: c0694927
[Cycle    9] PC: 00000020 | opcode: 0d | inst_ID: 342b135c | Flush: 0 || WB_RegWrite: 1 | WB_Addr:  1 | WB_Data: 59850000
[Cycle   10] PC: 00000024 | opcode: 00 | inst_ID: 014b4827 | Flush: 0 || WB_RegWrite: 1 | WB_Addr: 10 | WB_Data: 598503f5
[Cycle   11] PC: 00000028 | opcode: 00 | inst_ID: 014b4823 | Flush: 0 || WB_RegWrite: 1 | WB_Addr:  1 | WB_Data: e2810000
[Cycle   12] PC: 0000002c | opcode: 00 | inst_ID: 016a4024 | Flush: 0 || WB_RegWrite: 1 | WB_Addr: 11 | WB_Data: e281135c
[Cycle   13] PC: 00000030 | opcode: 00 | inst_ID: 014a5824 | Flush: 0 || WB_RegWrite: 1 | WB_Addr:  9 | WB_Data: 047aec02
[Cycle   14] PC: 00000034 | opcode: 00 | inst_ID: 014a5825 | Flush: 0 || WB_RegWrite: 1 | WB_Addr:  9 | WB_Data: 7703f099
[Cycle   15] PC: 00000038 | opcode: 00 | inst_ID: 01494023 | Flush: 0 || WB_RegWrite: 1 | WB_Addr:  8 | WB_Data: 40810354
[Cycle   16] PC: 0000003c | opcode: 00 | inst_ID: 016b4023 | Flush: 0 || WB_RegWrite: 1 | WB_Addr: 11 | WB_Data: 598503f5
[Cycle   17] PC: 00000040 | opcode: 00 | inst_ID: 01084026 | Flush: 0 || WB_RegWrite: 1 | WB_Addr: 11 | WB_Data: 598503f5
[Cycle   18] PC: 00000044 | opcode: 00 | inst_ID: 01484023 | Flush: 0 || WB_RegWrite: 1 | WB_Addr:  8 | WB_Data: e281135c
[Cycle   19] PC: 00000048 | opcode: 00 | inst_ID: 0108402a | Flush: 0 || WB_RegWrite: 1 | WB_Addr:  8 | WB_Data: 00000000
[Cycle   20] PC: 0000004c | opcode: 00 | inst_ID: 016a5021 | Flush: 0 || WB_RegWrite: 1 | WB_Addr:  8 | WB_Data: 00000000
[Cycle   21] PC: 00000050 | opcode: 00 | inst_ID: 01685023 | Flush: 0 || WB_RegWrite: 1 | WB_Addr:  8 | WB_Data: 598503f5
[Cycle   22] PC: 00000054 | opcode: 00 | inst_ID: 014a5823 | Flush: 0 || WB_RegWrite: 1 | WB_Addr:  8 | WB_Data: 00000000
[Cycle   23] PC: 00000058 | opcode: 00 | inst_ID: 010b4024 | Flush: 0 || WB_RegWrite: 1 | WB_Addr: 10 | WB_Data: b30a07ea
[Cycle   24] PC: 0000005c | opcode: 00 | inst_ID: 01484824 | Flush: 0 || WB_RegWrite: 1 | WB_Addr: 10 | WB_Data: 598503f5
[Cycle   25] PC: 00000060 | opcode: 00 | inst_ID: 016a582b | Flush: 0 || WB_RegWrite: 1 | WB_Addr: 11 | WB_Data: 00000000
[Cycle   26] PC: 00000064 | opcode: 00 | inst_ID: 01284824 | Flush: 0 || WB_RegWrite: 1 | WB_Addr:  8 | WB_Data: 00000000
[Cycle   27] PC: 00000068 | opcode: 00 | inst_ID: 0109482a | Flush: 0 || WB_RegWrite: 1 | WB_Addr:  9 | WB_Data: 00000000
[Cycle   28] PC: 0000006c | opcode: 00 | inst_ID: 0169582a | Flush: 0 || WB_RegWrite: 1 | WB_Addr: 11 | WB_Data: 00000001
[Cycle   29] PC: 00000070 | opcode: 00 | inst_ID: 012b4821 | Flush: 0 || WB_RegWrite: 1 | WB_Addr:  9 | WB_Data: 00000000
[Cycle   30] PC: 00000074 | opcode: 00 | inst_ID: 01284024 | Flush: 0 || WB_RegWrite: 1 | WB_Addr:  9 | WB_Data: 00000000
[Cycle   31] PC: 00000078 | opcode: 00 | inst_ID: 0169582b | Flush: 0 || WB_RegWrite: 1 | WB_Addr: 11 | WB_Data: 00000000
[Cycle   32] PC: 0000007c | opcode: 00 | inst_ID: 01695824 | Flush: 0 || WB_RegWrite: 1 | WB_Addr:  9 | WB_Data: 00000000
[Cycle   33] PC: 00000080 | opcode: 00 | inst_ID: 01294023 | Flush: 0 || WB_RegWrite: 1 | WB_Addr:  8 | WB_Data: 00000000
[Cycle   34] PC: 00000084 | opcode: 00 | inst_ID: 010b582b | Flush: 0 || WB_RegWrite: 1 | WB_Addr: 11 | WB_Data: 00000000
[Cycle   35] PC: 00000088 | opcode: 00 | inst_ID: 016a5823 | Flush: 0 || WB_RegWrite: 1 | WB_Addr: 11 | WB_Data: 00000000
[Cycle   36] PC: 0000008c | opcode: 00 | inst_ID: 012a4827 | Flush: 0 || WB_RegWrite: 1 | WB_Addr:  8 | WB_Data: 00000000
[Cycle   37] PC: 00000090 | opcode: 00 | inst_ID: 0128502b | Flush: 0 || WB_RegWrite: 1 | WB_Addr: 11 | WB_Data: 00000000
[Cycle   38] PC: 00000094 | opcode: 00 | inst_ID: 016a582a | Flush: 0 || WB_RegWrite: 1 | WB_Addr: 11 | WB_Data: a67afc0b
[Cycle   39] PC: 00000098 | opcode: 00 | inst_ID: 01485027 | Flush: 0 || WB_RegWrite: 1 | WB_Addr:  9 | WB_Data: a67afc0a
[Cycle   40] PC: 0000009c | opcode: 00 | inst_ID: 0108482a | Flush: 0 || WB_RegWrite: 1 | WB_Addr: 10 | WB_Data: 00000000
[Cycle   41] PC: 000000a0 | opcode: 00 | inst_ID: 012a5824 | Flush: 0 || WB_RegWrite: 1 | WB_Addr: 11 | WB_Data: 00000001
[Cycle   42] PC: 000000a4 | opcode: 00 | inst_ID: 016b4821 | Flush: 0 || WB_RegWrite: 1 | WB_Addr: 10 | WB_Data: ffffffff
[Cycle   43] PC: 000000a8 | opcode: 00 | inst_ID: 010a4023 | Flush: 0 || WB_RegWrite: 1 | WB_Addr:  9 | WB_Data: 00000000
[Cycle   44] PC: 000000ac | opcode: 00 | inst_ID: 016a402b | Flush: 0 || WB_RegWrite: 1 | WB_Addr: 11 | WB_Data: 00000000
[Cycle   45] PC: 000000b0 | opcode: 00 | inst_ID: 01285025 | Flush: 0 || WB_RegWrite: 1 | WB_Addr:  9 | WB_Data: 00000000
[Cycle   46] PC: 000000b4 | opcode: 00 | inst_ID: 016b4025 | Flush: 0 || WB_RegWrite: 1 | WB_Addr:  8 | WB_Data: 00000001
[Cycle   47] PC: 000000b8 | opcode: 00 | inst_ID: 016a4825 | Flush: 0 || WB_RegWrite: 1 | WB_Addr:  8 | WB_Data: 00000001
[Cycle   48] PC: 000000bc | opcode: 00 | inst_ID: 01485823 | Flush: 0 || WB_RegWrite: 1 | WB_Addr: 10 | WB_Data: 00000001
[Cycle   49] PC: 000000c0 | opcode: 00 | inst_ID: 01084823 | Flush: 0 || WB_RegWrite: 1 | WB_Addr:  8 | WB_Data: 00000000
[Cycle   50] PC: 000000c4 | opcode: 00 | inst_ID: 012a502b | Flush: 0 || WB_RegWrite: 1 | WB_Addr:  9 | WB_Data: 00000001
[Cycle   51] PC: 000000c8 | opcode: 00 | inst_ID: 0168582a | Flush: 0 || WB_RegWrite: 1 | WB_Addr: 11 | WB_Data: 00000001
[Cycle   52] PC: 000000cc | opcode: 00 | inst_ID: 0109502b | Flush: 0 || WB_RegWrite: 1 | WB_Addr:  9 | WB_Data: 00000000
[Cycle   53] PC: 000000d0 | opcode: 00 | inst_ID: 01085026 | Flush: 0 || WB_RegWrite: 1 | WB_Addr: 10 | WB_Data: 00000001
[Cycle   54] PC: 000000d4 | opcode: 00 | inst_ID: 0149482a | Flush: 0 || WB_RegWrite: 1 | WB_Addr: 11 | WB_Data: 00000000
[Cycle   55] PC: 000000d8 | opcode: 00 | inst_ID: 01095025 | Flush: 0 || WB_RegWrite: 1 | WB_Addr: 10 | WB_Data: 00000000
[Cycle   56] PC: 000000dc | opcode: 00 | inst_ID: 01084021 | Flush: 0 || WB_RegWrite: 1 | WB_Addr: 10 | WB_Data: 00000000
[Cycle   57] PC: 000000e0 | opcode: 00 | inst_ID: 016a4025 | Flush: 0 || WB_RegWrite: 1 | WB_Addr:  9 | WB_Data: 00000000
[Cycle   58] PC: 000000e4 | opcode: 00 | inst_ID: 012a4827 | Flush: 0 || WB_RegWrite: 1 | WB_Addr: 10 | WB_Data: 00000000
[Cycle   59] PC: 000000e8 | opcode: 00 | inst_ID: 010a5027 | Flush: 0 || WB_RegWrite: 1 | WB_Addr:  8 | WB_Data: 00000000
[Cycle   60] PC: 000000ec | opcode: 00 | inst_ID: 01684027 | Flush: 0 || WB_RegWrite: 1 | WB_Addr:  8 | WB_Data: 00000000
[Cycle   61] PC: 000000f0 | opcode: 00 | inst_ID: 0109482b | Flush: 0 || WB_RegWrite: 1 | WB_Addr:  9 | WB_Data: ffffffff
[Cycle   62] PC: 000000f4 | opcode: 00 | inst_ID: 01684823 | Flush: 0 || WB_RegWrite: 1 | WB_Addr: 10 | WB_Data: ffffffff
[Cycle   63] PC: 000000f8 | opcode: 00 | inst_ID: 010b5024 | Flush: 0 || WB_RegWrite: 1 | WB_Addr:  8 | WB_Data: ffffffff
[Cycle   64] PC: 000000fc | opcode: 00 | inst_ID: 014a5823 | Flush: 0 || WB_RegWrite: 1 | WB_Addr:  9 | WB_Data: 00000000
[Cycle   65] PC: 00000100 | opcode: 00 | inst_ID: 010a5025 | Flush: 0 || WB_RegWrite: 1 | WB_Addr:  9 | WB_Data: 00000001
[Cycle   66] PC: 00000104 | opcode: 00 | inst_ID: 014a5027 | Flush: 0 || WB_RegWrite: 1 | WB_Addr: 10 | WB_Data: 00000000
[Cycle   67] PC: 00000108 | opcode: 00 | inst_ID: 01084824 | Flush: 0 || WB_RegWrite: 1 | WB_Addr: 11 | WB_Data: 00000000
[Cycle   68] PC: 0000010c | opcode: 00 | inst_ID: 0149502a | Flush: 0 || WB_RegWrite: 1 | WB_Addr: 10 | WB_Data: ffffffff
[Cycle   69] PC: 00000110 | opcode: 00 | inst_ID: 012b5823 | Flush: 0 || WB_RegWrite: 1 | WB_Addr: 10 | WB_Data: 00000000
[Cycle   70] PC: 00000114 | opcode: 00 | inst_ID: 010b582a | Flush: 0 || WB_RegWrite: 1 | WB_Addr:  9 | WB_Data: ffffffff
[Cycle   71] PC: 00000118 | opcode: 00 | inst_ID: 014b5825 | Flush: 0 || WB_RegWrite: 1 | WB_Addr: 10 | WB_Data: 00000000
[Cycle   72] PC: 0000011c | opcode: 00 | inst_ID: 010b4021 | Flush: 0 || WB_RegWrite: 1 | WB_Addr: 11 | WB_Data: ffffffff
[Cycle   73] PC: 00000120 | opcode: 00 | inst_ID: 01684827 | Flush: 0 || WB_RegWrite: 1 | WB_Addr: 11 | WB_Data: 00000000
[Cycle   74] PC: 00000124 | opcode: 00 | inst_ID: 010a4027 | Flush: 0 || WB_RegWrite: 1 | WB_Addr: 11 | WB_Data: 00000000
[Cycle   75] PC: 00000128 | opcode: 00 | inst_ID: 01685024 | Flush: 0 || WB_RegWrite: 1 | WB_Addr:  8 | WB_Data: ffffffff
[Cycle   76] PC: 0000012c | opcode: 00 | inst_ID: 012b5027 | Flush: 0 || WB_RegWrite: 1 | WB_Addr:  9 | WB_Data: 00000000
[Cycle   77] PC: 00000130 | opcode: 00 | inst_ID: 012a402a | Flush: 0 || WB_RegWrite: 1 | WB_Addr:  8 | WB_Data: 00000000
[Cycle   78] PC: 00000134 | opcode: 00 | inst_ID: 016b4827 | Flush: 0 || WB_RegWrite: 1 | WB_Addr: 10 | WB_Data: 00000000
[Cycle   79] PC: 00000138 | opcode: 00 | inst_ID: 0169502b | Flush: 0 || WB_RegWrite: 1 | WB_Addr: 10 | WB_Data: ffffffff
[Cycle   80] PC: 0000013c | opcode: 00 | inst_ID: 01485025 | Flush: 0 || WB_RegWrite: 1 | WB_Addr:  8 | WB_Data: 00000000
[Cycle   81] PC: 00000140 | opcode: 00 | inst_ID: 010b4821 | Flush: 0 || WB_RegWrite: 1 | WB_Addr:  9 | WB_Data: ffffffff
[Cycle   82] PC: 00000144 | opcode: 00 | inst_ID: 016b582a | Flush: 0 || WB_RegWrite: 1 | WB_Addr: 10 | WB_Data: 00000001
[Cycle   83] PC: 00000148 | opcode: 00 | inst_ID: 0129502a | Flush: 0 || WB_RegWrite: 1 | WB_Addr: 10 | WB_Data: 00000001
[Cycle   84] PC: 0000014c | opcode: 00 | inst_ID: 010b482a | Flush: 0 || WB_RegWrite: 1 | WB_Addr:  9 | WB_Data: 00000000
[Cycle   85] PC: 00000150 | opcode: 00 | inst_ID: 01294826 | Flush: 0 || WB_RegWrite: 1 | WB_Addr: 11 | WB_Data: 00000000
[Cycle   86] PC: 00000154 | opcode: 00 | inst_ID: 016a482b | Flush: 0 || WB_RegWrite: 1 | WB_Addr: 10 | WB_Data: 00000000
[Cycle   87] PC: 00000158 | opcode: 00 | inst_ID: 0108482b | Flush: 0 || WB_RegWrite: 1 | WB_Addr:  9 | WB_Data: 00000000
[Cycle   88] PC: 0000015c | opcode: 00 | inst_ID: 0128502a | Flush: 0 || WB_RegWrite: 1 | WB_Addr:  9 | WB_Data: 00000000
[Cycle   89] PC: 00000160 | opcode: 00 | inst_ID: 012b502b | Flush: 0 || WB_RegWrite: 1 | WB_Addr:  9 | WB_Data: 00000000
[Cycle   90] PC: 00000164 | opcode: 00 | inst_ID: 010a582a | Flush: 0 || WB_RegWrite: 1 | WB_Addr:  9 | WB_Data: 00000000
[Cycle   91] PC: 00000168 | opcode: 00 | inst_ID: 01295024 | Flush: 0 || WB_RegWrite: 1 | WB_Addr: 10 | WB_Data: 00000000
[Cycle   92] PC: 0000016c | opcode: 00 | inst_ID: 01284024 | Flush: 0 || WB_RegWrite: 1 | WB_Addr: 10 | WB_Data: 00000000
[Cycle   93] PC: 00000170 | opcode: 00 | inst_ID: 01694824 | Flush: 0 || WB_RegWrite: 1 | WB_Addr: 11 | WB_Data: 00000000
[Cycle   94] PC: 00000174 | opcode: 00 | inst_ID: 010b4025 | Flush: 0 || WB_RegWrite: 1 | WB_Addr: 10 | WB_Data: 00000000
[Cycle   95] PC: 00000178 | opcode: 00 | inst_ID: 014a502b | Flush: 0 || WB_RegWrite: 1 | WB_Addr:  8 | WB_Data: 00000000
[Cycle   96] PC: 0000017c | opcode: 00 | inst_ID: 01284027 | Flush: 0 || WB_RegWrite: 1 | WB_Addr:  9 | WB_Data: 00000000
[Cycle   97] PC: 00000180 | opcode: 00 | inst_ID: 010a502b | Flush: 0 || WB_RegWrite: 1 | WB_Addr:  8 | WB_Data: 00000000
[Cycle   98] PC: 00000184 | opcode: 00 | inst_ID: 012a502b | Flush: 0 || WB_RegWrite: 1 | WB_Addr: 10 | WB_Data: 00000000
[Cycle   99] PC: 00000188 | opcode: 00 | inst_ID: 0129482b | Flush: 0 || WB_RegWrite: 1 | WB_Addr:  8 | WB_Data: ffffffff
[Cycle  100] PC: 0000018c | opcode: 00 | inst_ID: 016b582a | Flush: 0 || WB_RegWrite: 1 | WB_Addr: 10 | WB_Data: 00000000
[Cycle  101] PC: 00000190 | opcode: 00 | inst_ID: 01495024 | Flush: 0 || WB_RegWrite: 1 | WB_Addr: 10 | WB_Data: 00000000
[Cycle  102] PC: 00000194 | opcode: 00 | inst_ID: 01085827 | Flush: 0 || WB_RegWrite: 1 | WB_Addr:  9 | WB_Data: 00000000
[Cycle  103] PC: 00000198 | opcode: 00 | inst_ID: 014b4023 | Flush: 0 || WB_RegWrite: 1 | WB_Addr: 11 | WB_Data: 00000000
[Cycle  104] PC: 0000019c | opcode: 00 | inst_ID: 014a5026 | Flush: 0 || WB_RegWrite: 1 | WB_Addr: 10 | WB_Data: 00000000
[Cycle  105] PC: 000001a0 | opcode: 00 | inst_ID: 0169402a | Flush: 0 || WB_RegWrite: 1 | WB_Addr: 11 | WB_Data: 00000000
[Cycle  106] PC: 000001a4 | opcode: 00 | inst_ID: 010b5825 | Flush: 0 || WB_RegWrite: 1 | WB_Addr:  8 | WB_Data: 00000000
[Cycle  107] PC: 000001a8 | opcode: 00 | inst_ID: 01094821 | Flush: 0 || WB_RegWrite: 1 | WB_Addr: 10 | WB_Data: 00000000
[Cycle  108] PC: 000001ac | opcode: 00 | inst_ID: 01284823 | Flush: 0 || WB_RegWrite: 1 | WB_Addr:  8 | WB_Data: 00000000
[Cycle  109] PC: 000001b0 | opcode: 00 | inst_ID: 01085823 | Flush: 0 || WB_RegWrite: 1 | WB_Addr: 11 | WB_Data: 00000000
[Cycle  110] PC: 000001b4 | opcode: 00 | inst_ID: 01684821 | Flush: 0 || WB_RegWrite: 1 | WB_Addr:  9 | WB_Data: 00000000
[Cycle  111] PC: 000001b8 | opcode: 00 | inst_ID: 012a4826 | Flush: 0 || WB_RegWrite: 1 | WB_Addr:  9 | WB_Data: 00000000
[Cycle  112] PC: 000001bc | opcode: 00 | inst_ID: 016a502b | Flush: 0 || WB_RegWrite: 1 | WB_Addr: 11 | WB_Data: 00000000
[Cycle  113] PC: 000001c0 | opcode: 00 | inst_ID: 01695023 | Flush: 0 || WB_RegWrite: 1 | WB_Addr:  9 | WB_Data: 00000000
[Cycle  114] PC: 000001c4 | opcode: 00 | inst_ID: 014a5825 | Flush: 0 || WB_RegWrite: 1 | WB_Addr:  9 | WB_Data: 00000000
[Cycle  115] PC: 000001c8 | opcode: 00 | inst_ID: 0168502a | Flush: 0 || WB_RegWrite: 1 | WB_Addr: 10 | WB_Data: 00000000
[Cycle  116] PC: 000001cc | opcode: 00 | inst_ID: 010a4821 | Flush: 0 || WB_RegWrite: 1 | WB_Addr: 10 | WB_Data: 00000000
[Cycle  117] PC: 000001d0 | opcode: 00 | inst_ID: 010b482a | Flush: 0 || WB_RegWrite: 1 | WB_Addr: 11 | WB_Data: 00000000
[Cycle  118] PC: 000001d4 | opcode: 00 | inst_ID: 014b5023 | Flush: 0 || WB_RegWrite: 1 | WB_Addr: 10 | WB_Data: 00000000
[Cycle  119] PC: 000001d8 | opcode: 00 | inst_ID: 0149502b | Flush: 0 || WB_RegWrite: 1 | WB_Addr:  9 | WB_Data: 00000000
[Cycle  120] PC: 000001dc | opcode: 00 | inst_ID: 016a4824 | Flush: 0 || WB_RegWrite: 1 | WB_Addr:  9 | WB_Data: 00000000
[Cycle  121] PC: 000001e0 | opcode: 00 | inst_ID: 01094024 | Flush: 0 || WB_RegWrite: 1 | WB_Addr: 10 | WB_Data: 00000000
[Cycle  122] PC: 000001e4 | opcode: 00 | inst_ID: 014a582a | Flush: 0 || WB_RegWrite: 1 | WB_Addr: 10 | WB_Data: 00000000
[Cycle  123] PC: 000001e8 | opcode: 00 | inst_ID: 01084024 | Flush: 0 || WB_RegWrite: 1 | WB_Addr:  9 | WB_Data: 00000000
[Cycle  124] PC: 000001ec | opcode: 00 | inst_ID: 0168582a | Flush: 0 || WB_RegWrite: 1 | WB_Addr:  8 | WB_Data: 00000000
[Cycle  125] PC: 000001f0 | opcode: 00 | inst_ID: 01485027 | Flush: 0 || WB_RegWrite: 1 | WB_Addr: 11 | WB_Data: 00000000
[Cycle  126] PC: 000001f4 | opcode: 00 | inst_ID: 016b4827 | Flush: 0 || WB_RegWrite: 1 | WB_Addr:  8 | WB_Data: 00000000
[Cycle  127] PC: 000001f8 | opcode: 00 | inst_ID: 010a5821 | Flush: 0 || WB_RegWrite: 1 | WB_Addr: 11 | WB_Data: 00000000
[Cycle  128] PC: 000001fc | opcode: 00 | inst_ID: 010a5026 | Flush: 0 || WB_RegWrite: 1 | WB_Addr: 10 | WB_Data: ffffffff
[Cycle  129] PC: 00000200 | opcode: 00 | inst_ID: 014b4026 | Flush: 0 || WB_RegWrite: 1 | WB_Addr:  9 | WB_Data: ffffffff
[Cycle  130] PC: 00000204 | opcode: 00 | inst_ID: 01495026 | Flush: 0 || WB_RegWrite: 1 | WB_Addr: 11 | WB_Data: ffffffff
[Cycle  131] PC: 00000208 | opcode: 00 | inst_ID: 0129582b | Flush: 0 || WB_RegWrite: 1 | WB_Addr: 10 | WB_Data: ffffffff
[Cycle  132] PC: 0000020c | opcode: 00 | inst_ID: 014b5824 | Flush: 0 || WB_RegWrite: 1 | WB_Addr:  8 | WB_Data: 00000000
[Cycle  133] PC: 00000210 | opcode: 00 | inst_ID: 014a582b | Flush: 0 || WB_RegWrite: 1 | WB_Addr: 10 | WB_Data: 00000000
[Cycle  134] PC: 00000214 | opcode: 00 | inst_ID: 016a4825 | Flush: 0 || WB_RegWrite: 1 | WB_Addr: 11 | WB_Data: 00000000
[Cycle  135] PC: 00000218 | opcode: 00 | inst_ID: 016b5824 | Flush: 0 || WB_RegWrite: 1 | WB_Addr: 11 | WB_Data: 00000000
[Cycle  136] PC: 0000021c | opcode: 00 | inst_ID: 0108482b | Flush: 0 || WB_RegWrite: 1 | WB_Addr: 11 | WB_Data: 00000000
[Cycle  137] PC: 00000220 | opcode: 00 | inst_ID: 01094824 | Flush: 0 || WB_RegWrite: 1 | WB_Addr:  9 | WB_Data: 00000000
[Cycle  138] PC: 00000224 | opcode: 00 | inst_ID: 016b4024 | Flush: 0 || WB_RegWrite: 1 | WB_Addr: 11 | WB_Data: 00000000
[Cycle  139] PC: 00000228 | opcode: 00 | inst_ID: 0168402a | Flush: 0 || WB_RegWrite: 1 | WB_Addr:  9 | WB_Data: 00000000
[Cycle  140] PC: 0000022c | opcode: 00 | inst_ID: 01095026 | Flush: 0 || WB_RegWrite: 1 | WB_Addr:  9 | WB_Data: 00000000
[Cycle  141] PC: 00000230 | opcode: 00 | inst_ID: 014a4825 | Flush: 0 || WB_RegWrite: 1 | WB_Addr:  8 | WB_Data: 00000000
[Cycle  142] PC: 00000234 | opcode: 00 | inst_ID: 01094827 | Flush: 0 || WB_RegWrite: 1 | WB_Addr:  8 | WB_Data: 00000000
[Cycle  143] PC: 00000238 | opcode: 00 | inst_ID: 0109502b | Flush: 0 || WB_RegWrite: 1 | WB_Addr: 10 | WB_Data: 00000000
[Cycle  144] PC: 0000023c | opcode: 00 | inst_ID: 016b4026 | Flush: 0 || WB_RegWrite: 1 | WB_Addr:  9 | WB_Data: 00000000
[Cycle  145] PC: 00000240 | opcode: 00 | inst_ID: 014a4821 | Flush: 0 || WB_RegWrite: 1 | WB_Addr:  9 | WB_Data: ffffffff
[Cycle  146] PC: 00000244 | opcode: 00 | inst_ID: 010b5821 | Flush: 0 || WB_RegWrite: 1 | WB_Addr: 10 | WB_Data: 00000001
[Cycle  147] PC: 00000248 | opcode: 00 | inst_ID: 01695821 | Flush: 0 || WB_RegWrite: 1 | WB_Addr:  8 | WB_Data: 00000000
[Cycle  148] PC: 0000024c | opcode: 00 | inst_ID: 0108482b | Flush: 0 || WB_RegWrite: 1 | WB_Addr:  9 | WB_Data: 00000002
[Cycle  149] PC: 00000250 | opcode: 00 | inst_ID: 01485026 | Flush: 0 || WB_RegWrite: 1 | WB_Addr: 11 | WB_Data: 00000000
[Cycle  150] PC: 00000254 | opcode: 00 | inst_ID: 016a4027 | Flush: 0 || WB_RegWrite: 1 | WB_Addr: 11 | WB_Data: 00000002
[Cycle  151] PC: 00000258 | opcode: 00 | inst_ID: 016a5024 | Flush: 0 || WB_RegWrite: 1 | WB_Addr:  9 | WB_Data: 00000000
[Cycle  152] PC: 0000025c | opcode: 00 | inst_ID: 014a5026 | Flush: 0 || WB_RegWrite: 1 | WB_Addr: 10 | WB_Data: 00000001
[Cycle  153] PC: 00000260 | opcode: 00 | inst_ID: 016b482b | Flush: 0 || WB_RegWrite: 1 | WB_Addr:  8 | WB_Data: fffffffc
[Cycle  154] PC: 00000264 | opcode: 00 | inst_ID: 016a4024 | Flush: 0 || WB_RegWrite: 1 | WB_Addr: 10 | WB_Data: 00000000
[Cycle  155] PC: 00000268 | opcode: 00 | inst_ID: 01684827 | Flush: 0 || WB_RegWrite: 1 | WB_Addr: 10 | WB_Data: 00000000
[Cycle  156] PC: 0000026c | opcode: 00 | inst_ID: 010b402b | Flush: 0 || WB_RegWrite: 1 | WB_Addr:  9 | WB_Data: 00000000
[Cycle  157] PC: 00000270 | opcode: 00 | inst_ID: 014b5824 | Flush: 0 || WB_RegWrite: 1 | WB_Addr:  8 | WB_Data: 00000000
[Cycle  158] PC: 00000274 | opcode: 00 | inst_ID: 01094826 | Flush: 0 || WB_RegWrite: 1 | WB_Addr:  9 | WB_Data: fffffffd
[Cycle  159] PC: 00000278 | opcode: 00 | inst_ID: 012b582a | Flush: 0 || WB_RegWrite: 1 | WB_Addr:  8 | WB_Data: 00000001
[Cycle  160] PC: 0000027c | opcode: 00 | inst_ID: 012b5824 | Flush: 0 || WB_RegWrite: 1 | WB_Addr: 11 | WB_Data: 00000000
[Cycle  161] PC: 00000280 | opcode: 00 | inst_ID: 01094827 | Flush: 0 || WB_RegWrite: 1 | WB_Addr:  9 | WB_Data: fffffffc
[Cycle  162] PC: 00000284 | opcode: 00 | inst_ID: 01084027 | Flush: 0 || WB_RegWrite: 1 | WB_Addr: 11 | WB_Data: 00000001
[Cycle  163] PC: 00000288 | opcode: 00 | inst_ID: 012a4021 | Flush: 0 || WB_RegWrite: 1 | WB_Addr: 11 | WB_Data: 00000000
[Cycle  164] PC: 0000028c | opcode: 00 | inst_ID: 01085027 | Flush: 0 || WB_RegWrite: 1 | WB_Addr:  9 | WB_Data: 00000002
[Cycle  165] PC: 00000290 | opcode: 00 | inst_ID: 0129402b | Flush: 0 || WB_RegWrite: 1 | WB_Addr:  8 | WB_Data: fffffffe
[Cycle  166] PC: 00000294 | opcode: 00 | inst_ID: 0168502a | Flush: 0 || WB_RegWrite: 1 | WB_Addr:  8 | WB_Data: 00000002
[Cycle  167] PC: 00000298 | opcode: 00 | inst_ID: 016a5026 | Flush: 0 || WB_RegWrite: 1 | WB_Addr: 10 | WB_Data: fffffffd
[Cycle  168] PC: 0000029c | opcode: 00 | inst_ID: 01685826 | Flush: 0 || WB_RegWrite: 1 | WB_Addr:  8 | WB_Data: 00000000
[Cycle  169] PC: 000002a0 | opcode: 00 | inst_ID: 012b4024 | Flush: 0 || WB_RegWrite: 1 | WB_Addr: 10 | WB_Data: 00000000
[Cycle  170] PC: 000002a4 | opcode: 00 | inst_ID: 01295025 | Flush: 0 || WB_RegWrite: 1 | WB_Addr: 10 | WB_Data: 00000000
[Cycle  171] PC: 000002a8 | opcode: 00 | inst_ID: 01295826 | Flush: 0 || WB_RegWrite: 1 | WB_Addr: 11 | WB_Data: 00000000
[Cycle  172] PC: 000002ac | opcode: 00 | inst_ID: 01285824 | Flush: 0 || WB_RegWrite: 1 | WB_Addr:  8 | WB_Data: 00000000
[Cycle  173] PC: 000002b0 | opcode: 00 | inst_ID: 0149502b | Flush: 0 || WB_RegWrite: 1 | WB_Addr: 10 | WB_Data: 00000002
[Cycle  174] PC: 000002b4 | opcode: 00 | inst_ID: 0169582b | Flush: 0 || WB_RegWrite: 1 | WB_Addr: 11 | WB_Data: 00000000
[Cycle  175] PC: 000002b8 | opcode: 00 | inst_ID: 014b402b | Flush: 0 || WB_RegWrite: 1 | WB_Addr: 11 | WB_Data: 00000000
[Cycle  176] PC: 000002bc | opcode: 00 | inst_ID: 010b5025 | Flush: 0 || WB_RegWrite: 1 | WB_Addr: 10 | WB_Data: 00000000
[Cycle  177] PC: 000002c0 | opcode: 00 | inst_ID: 01284823 | Flush: 0 || WB_RegWrite: 1 | WB_Addr: 11 | WB_Data: 00000001
[Cycle  178] PC: 000002c4 | opcode: 00 | inst_ID: 016a482a | Flush: 0 || WB_RegWrite: 1 | WB_Addr:  8 | WB_Data: 00000001
[Cycle  179] PC: 000002c8 | opcode: 00 | inst_ID: 012a502b | Flush: 0 || WB_RegWrite: 1 | WB_Addr: 10 | WB_Data: 00000001
[Cycle  180] PC: 000002cc | opcode: 00 | inst_ID: 01695021 | Flush: 0 || WB_RegWrite: 1 | WB_Addr:  9 | WB_Data: 00000001
[Cycle  181] PC: 000002d0 | opcode: 00 | inst_ID: 01484825 | Flush: 0 || WB_RegWrite: 1 | WB_Addr:  9 | WB_Data: 00000000
[Cycle  182] PC: 000002d4 | opcode: 00 | inst_ID: 01285021 | Flush: 0 || WB_RegWrite: 1 | WB_Addr: 10 | WB_Data: 00000001
[Cycle  183] PC: 000002d8 | opcode: 00 | inst_ID: 01494027 | Flush: 0 || WB_RegWrite: 1 | WB_Addr: 10 | WB_Data: 00000001
[Cycle  184] PC: 000002dc | opcode: 00 | inst_ID: 010b4021 | Flush: 0 || WB_RegWrite: 1 | WB_Addr:  9 | WB_Data: 00000001
[Cycle  185] PC: 000002e0 | opcode: 00 | inst_ID: 014b4826 | Flush: 0 || WB_RegWrite: 1 | WB_Addr: 10 | WB_Data: 00000002
[Cycle  186] PC: 000002e4 | opcode: 00 | inst_ID: 01694823 | Flush: 0 || WB_RegWrite: 1 | WB_Addr:  8 | WB_Data: fffffffc
[Cycle  187] PC: 000002e8 | opcode: 00 | inst_ID: 0129582b | Flush: 0 || WB_RegWrite: 1 | WB_Addr:  8 | WB_Data: fffffffd
[Cycle  188] PC: 000002ec | opcode: 00 | inst_ID: 01495826 | Flush: 0 || WB_RegWrite: 1 | WB_Addr:  9 | WB_Data: 00000003
[Cycle  189] PC: 000002f0 | opcode: 00 | inst_ID: 016b5023 | Flush: 0 || WB_RegWrite: 1 | WB_Addr:  9 | WB_Data: fffffffe
[Cycle  190] PC: 000002f4 | opcode: 00 | inst_ID: 01694024 | Flush: 0 || WB_RegWrite: 1 | WB_Addr: 11 | WB_Data: 00000000
[Cycle  191] PC: 000002f8 | opcode: 00 | inst_ID: 016a5026 | Flush: 0 || WB_RegWrite: 1 | WB_Addr: 11 | WB_Data: fffffffc
[Cycle  192] PC: 000002fc | opcode: 00 | inst_ID: 012a4827 | Flush: 0 || WB_RegWrite: 1 | WB_Addr: 10 | WB_Data: 00000000
[Cycle  193] PC: 00000300 | opcode: 00 | inst_ID: 0148402a | Flush: 0 || WB_RegWrite: 1 | WB_Addr:  8 | WB_Data: fffffffc
[Cycle  194] PC: 00000304 | opcode: 00 | inst_ID: 01085825 | Flush: 0 || WB_RegWrite: 1 | WB_Addr: 10 | WB_Data: fffffffc
[Cycle  195] PC: 00000308 | opcode: 00 | inst_ID: 01084825 | Flush: 0 || WB_RegWrite: 1 | WB_Addr:  9 | WB_Data: 00000001
[Cycle  196] PC: 0000030c | opcode: 00 | inst_ID: 012a4826 | Flush: 0 || WB_RegWrite: 1 | WB_Addr:  8 | WB_Data: 00000000
[Cycle  197] PC: 00000310 | opcode: 00 | inst_ID: 010a5827 | Flush: 0 || WB_RegWrite: 1 | WB_Addr: 11 | WB_Data: 00000000
[Cycle  198] PC: 00000314 | opcode: 00 | inst_ID: 01295021 | Flush: 0 || WB_RegWrite: 1 | WB_Addr:  9 | WB_Data: 00000000
[Cycle  199] PC: 00000318 | opcode: 00 | inst_ID: 01695023 | Flush: 0 || WB_RegWrite: 1 | WB_Addr:  9 | WB_Data: fffffffc
[Cycle  200] PC: 0000031c | opcode: 00 | inst_ID: 016b5021 | Flush: 0 || WB_RegWrite: 1 | WB_Addr: 11 | WB_Data: 00000003
[Cycle  201] PC: 00000320 | opcode: 00 | inst_ID: 010a4021 | Flush: 0 || WB_RegWrite: 1 | WB_Addr: 10 | WB_Data: fffffff8
[Cycle  202] PC: 00000324 | opcode: 00 | inst_ID: 01694821 | Flush: 0 || WB_RegWrite: 1 | WB_Addr: 10 | WB_Data: 00000007
[Cycle  203] PC: 00000328 | opcode: 00 | inst_ID: 016b4826 | Flush: 0 || WB_RegWrite: 1 | WB_Addr: 10 | WB_Data: 00000006
[Cycle  204] PC: 0000032c | opcode: 00 | inst_ID: 016a4826 | Flush: 0 || WB_RegWrite: 1 | WB_Addr:  8 | WB_Data: 00000006
[Cycle  205] PC: 00000330 | opcode: 00 | inst_ID: 014a5824 | Flush: 0 || WB_RegWrite: 1 | WB_Addr:  9 | WB_Data: ffffffff
[Cycle  206] PC: 00000334 | opcode: 00 | inst_ID: 01284023 | Flush: 0 || WB_RegWrite: 1 | WB_Addr:  9 | WB_Data: 00000000
[Cycle  207] PC: 00000338 | opcode: 00 | inst_ID: 01684024 | Flush: 0 || WB_RegWrite: 1 | WB_Addr:  9 | WB_Data: 00000005
[Cycle  208] PC: 0000033c | opcode: 00 | inst_ID: 012a5021 | Flush: 0 || WB_RegWrite: 1 | WB_Addr: 11 | WB_Data: 00000006
[Cycle  209] PC: 00000340 | opcode: 00 | inst_ID: 01684026 | Flush: 0 || WB_RegWrite: 1 | WB_Addr:  8 | WB_Data: ffffffff
[Cycle  210] PC: 00000344 | opcode: 00 | inst_ID: 014b4826 | Flush: 0 || WB_RegWrite: 1 | WB_Addr:  8 | WB_Data: 00000006
[Cycle  211] PC: 00000348 | opcode: 00 | inst_ID: 01685025 | Flush: 0 || WB_RegWrite: 1 | WB_Addr: 10 | WB_Data: 0000000b
[Cycle  212] PC: 0000034c | opcode: 00 | inst_ID: 01494826 | Flush: 0 || WB_RegWrite: 1 | WB_Addr:  8 | WB_Data: 00000000
[Cycle  213] PC: 00000350 | opcode: 00 | inst_ID: 0168482b | Flush: 0 || WB_RegWrite: 1 | WB_Addr:  9 | WB_Data: 0000000d
[Cycle  214] PC: 00000354 | opcode: 00 | inst_ID: 016a5826 | Flush: 0 || WB_RegWrite: 1 | WB_Addr: 10 | WB_Data: 00000006
[Cycle  215] PC: 00000358 | opcode: 00 | inst_ID: 0128582b | Flush: 0 || WB_RegWrite: 1 | WB_Addr:  9 | WB_Data: 0000000b
[Cycle  216] PC: 0000035c | opcode: 00 | inst_ID: 012a582b | Flush: 0 || WB_RegWrite: 1 | WB_Addr:  9 | WB_Data: 00000000
[Cycle  217] PC: 00000360 | opcode: 00 | inst_ID: 01285025 | Flush: 0 || WB_RegWrite: 1 | WB_Addr: 11 | WB_Data: 00000000
[Cycle  218] PC: 00000364 | opcode: 00 | inst_ID: 012b4027 | Flush: 0 || WB_RegWrite: 1 | WB_Addr: 11 | WB_Data: 00000000
[Cycle  219] PC: 00000368 | opcode: 00 | inst_ID: 01285825 | Flush: 0 || WB_RegWrite: 1 | WB_Addr: 11 | WB_Data: 00000001
[Cycle  220] PC: 0000036c | opcode: 00 | inst_ID: 0129502b | Flush: 0 || WB_RegWrite: 1 | WB_Addr: 10 | WB_Data: 00000000
[Cycle  221] PC: 00000370 | opcode: 00 | inst_ID: 014a5027 | Flush: 0 || WB_RegWrite: 1 | WB_Addr:  8 | WB_Data: fffffffe
[Cycle  222] PC: 00000374 | opcode: 00 | inst_ID: 01485821 | Flush: 0 || WB_RegWrite: 1 | WB_Addr: 11 | WB_Data: fffffffe
[Cycle  223] PC: 00000378 | opcode: 00 | inst_ID: 01485824 | Flush: 0 || WB_RegWrite: 1 | WB_Addr: 10 | WB_Data: 00000000
[Cycle  224] PC: 0000037c | opcode: 00 | inst_ID: 016a4023 | Flush: 0 || WB_RegWrite: 1 | WB_Addr: 10 | WB_Data: ffffffff
[Cycle  225] PC: 00000380 | opcode: 00 | inst_ID: 016a5024 | Flush: 0 || WB_RegWrite: 1 | WB_Addr: 11 | WB_Data: fffffffd
[Cycle  226] PC: 00000384 | opcode: 00 | inst_ID: 016b4021 | Flush: 0 || WB_RegWrite: 1 | WB_Addr: 11 | WB_Data: fffffffe
[Cycle  227] PC: 00000388 | opcode: 00 | inst_ID: 01285825 | Flush: 0 || WB_RegWrite: 1 | WB_Addr:  8 | WB_Data: ffffffff
[Cycle  228] PC: 0000038c | opcode: 00 | inst_ID: 014a482a | Flush: 0 || WB_RegWrite: 1 | WB_Addr: 10 | WB_Data: fffffffe
[Cycle  229] PC: 00000390 | opcode: 00 | inst_ID: 01094825 | Flush: 0 || WB_RegWrite: 1 | WB_Addr:  8 | WB_Data: fffffffc
[Cycle  230] PC: 00000394 | opcode: 00 | inst_ID: 012a5823 | Flush: 0 || WB_RegWrite: 1 | WB_Addr: 11 | WB_Data: fffffffc
[Cycle  231] PC: 00000398 | opcode: 00 | inst_ID: 012b4025 | Flush: 0 || WB_RegWrite: 1 | WB_Addr:  9 | WB_Data: 00000000
[Cycle  232] PC: 0000039c | opcode: 00 | inst_ID: 016a5826 | Flush: 0 || WB_RegWrite: 1 | WB_Addr:  9 | WB_Data: fffffffc
[Cycle  233] PC: 000003a0 | opcode: 00 | inst_ID: 0148402a | Flush: 0 || WB_RegWrite: 1 | WB_Addr: 11 | WB_Data: fffffffe
[Cycle  234] PC: 000003a4 | opcode: 00 | inst_ID: 016a5824 | Flush: 0 || WB_RegWrite: 1 | WB_Addr:  8 | WB_Data: fffffffe
[Cycle  235] PC: 000003a8 | opcode: 00 | inst_ID: 0168402b | Flush: 0 || WB_RegWrite: 1 | WB_Addr: 11 | WB_Data: 00000000
[Cycle  236] PC: 000003ac | opcode: 00 | inst_ID: 0148402a | Flush: 0 || WB_RegWrite: 1 | WB_Addr:  8 | WB_Data: 00000000
[Cycle  237] PC: 000003b0 | opcode: 00 | inst_ID: 014b482a | Flush: 0 || WB_RegWrite: 1 | WB_Addr: 11 | WB_Data: 00000000
[Cycle  238] PC: 000003b4 | opcode: 00 | inst_ID: 01095023 | Flush: 0 || WB_RegWrite: 1 | WB_Addr:  8 | WB_Data: 00000000
[Cycle  239] PC: 000003b8 | opcode: 00 | inst_ID: 010b5025 | Flush: 0 || WB_RegWrite: 1 | WB_Addr:  8 | WB_Data: 00000001
[Cycle  240] PC: 000003bc | opcode: 00 | inst_ID: 0108402a | Flush: 0 || WB_RegWrite: 1 | WB_Addr:  9 | WB_Data: 00000001
[Cycle  241] PC: 000003c0 | opcode: 00 | inst_ID: 01685023 | Flush: 0 || WB_RegWrite: 1 | WB_Addr: 10 | WB_Data: 00000000
[Cycle  242] PC: 000003c4 | opcode: 00 | inst_ID: 01295826 | Flush: 0 || WB_RegWrite: 1 | WB_Addr: 10 | WB_Data: 00000001
[Cycle  243] PC: 000003c8 | opcode: 00 | inst_ID: 01284027 | Flush: 0 || WB_RegWrite: 1 | WB_Addr:  8 | WB_Data: 00000000
[Cycle  244] PC: 000003cc | opcode: 00 | inst_ID: 014b5025 | Flush: 0 || WB_RegWrite: 1 | WB_Addr: 10 | WB_Data: 00000000
[Cycle  245] PC: 000003d0 | opcode: 00 | inst_ID: 01285024 | Flush: 0 || WB_RegWrite: 1 | WB_Addr: 11 | WB_Data: 00000000
[Cycle  246] PC: 000003d4 | opcode: 00 | inst_ID: 014b5824 | Flush: 0 || WB_RegWrite: 1 | WB_Addr:  8 | WB_Data: fffffffe
[Cycle  247] PC: 000003d8 | opcode: 00 | inst_ID: 010a5027 | Flush: 0 || WB_RegWrite: 1 | WB_Addr: 10 | WB_Data: 00000000
[Cycle  248] PC: 000003dc | opcode: 00 | inst_ID: 016b582a | Flush: 0 || WB_RegWrite: 1 | WB_Addr: 10 | WB_Data: 00000000
[Cycle  249] PC: 000003e0 | opcode: 00 | inst_ID: 0129402b | Flush: 0 || WB_RegWrite: 1 | WB_Addr: 11 | WB_Data: 00000000
[Cycle  250] PC: 000003e4 | opcode: 00 | inst_ID: 01684821 | Flush: 0 || WB_RegWrite: 1 | WB_Addr: 10 | WB_Data: 00000001
[Cycle  251] PC: 000003e8 | opcode: 00 | inst_ID: 0148402a | Flush: 0 || WB_RegWrite: 1 | WB_Addr: 11 | WB_Data: 00000000
[Cycle  252] PC: 000003ec | opcode: 00 | inst_ID: 012a4827 | Flush: 0 || WB_RegWrite: 1 | WB_Addr:  8 | WB_Data: 00000000
[Cycle  253] PC: 000003f0 | opcode: 00 | inst_ID: 012b5821 | Flush: 0 || WB_RegWrite: 1 | WB_Addr:  9 | WB_Data: 00000000
[Cycle  254] PC: 000003f4 | opcode: 00 | inst_ID: 014a5824 | Flush: 0 || WB_RegWrite: 1 | WB_Addr:  8 | WB_Data: 00000000
[Cycle  255] PC: 000003f8 | opcode: 00 | inst_ID: 01485021 | Flush: 0 || WB_RegWrite: 1 | WB_Addr:  9 | WB_Data: fffffffe
[Cycle  256] PC: 000003fc | opcode: 00 | inst_ID: 012a502a | Flush: 0 || WB_RegWrite: 1 | WB_Addr: 11 | WB_Data: fffffffe
[Cycle  257] PC: 00000400 | opcode: 00 | inst_ID: 012a402b | Flush: 0 || WB_RegWrite: 1 | WB_Addr: 11 | WB_Data: 00000001
[Cycle  258] PC: 00000404 | opcode: 00 | inst_ID: 01495827 | Flush: 0 || WB_RegWrite: 1 | WB_Addr: 10 | WB_Data: 00000001
[Cycle  259] PC: 00000408 | opcode: 00 | inst_ID: 01484025 | Flush: 0 || WB_RegWrite: 1 | WB_Addr: 10 | WB_Data: 00000001
[Cycle  260] PC: 0000040c | opcode: 00 | inst_ID: 012a402a | Flush: 0 || WB_RegWrite: 1 | WB_Addr:  8 | WB_Data: 00000000
[Cycle  261] PC: 00000410 | opcode: 00 | inst_ID: 01685023 | Flush: 0 || WB_RegWrite: 1 | WB_Addr: 11 | WB_Data: 00000000
[Cycle  262] PC: 00000414 | opcode: 00 | inst_ID: 01684825 | Flush: 0 || WB_RegWrite: 1 | WB_Addr:  8 | WB_Data: 00000001
[Cycle  263] PC: 00000418 | opcode: 00 | inst_ID: 01094026 | Flush: 0 || WB_RegWrite: 1 | WB_Addr:  8 | WB_Data: 00000001
[Cycle  264] PC: 0000041c | opcode: 00 | inst_ID: 01285825 | Flush: 0 || WB_RegWrite: 1 | WB_Addr: 10 | WB_Data: ffffffff
[Cycle  265] PC: 00000420 | opcode: 00 | inst_ID: 012a5825 | Flush: 0 || WB_RegWrite: 1 | WB_Addr:  9 | WB_Data: 00000001
[Cycle  266] PC: 00000424 | opcode: 00 | inst_ID: 010b4821 | Flush: 0 || WB_RegWrite: 1 | WB_Addr:  8 | WB_Data: 00000000
[Cycle  267] PC: 00000428 | opcode: 00 | inst_ID: 0109402b | Flush: 0 || WB_RegWrite: 1 | WB_Addr: 11 | WB_Data: 00000001
[Cycle  268] PC: 0000042c | opcode: 00 | inst_ID: 010b4026 | Flush: 0 || WB_RegWrite: 1 | WB_Addr: 11 | WB_Data: ffffffff
[Cycle  269] PC: 00000430 | opcode: 00 | inst_ID: 014b5026 | Flush: 0 || WB_RegWrite: 1 | WB_Addr:  9 | WB_Data: ffffffff
[Cycle  270] PC: 00000434 | opcode: 00 | inst_ID: 016b5026 | Flush: 0 || WB_RegWrite: 1 | WB_Addr:  8 | WB_Data: 00000001
[Cycle  271] PC: 00000438 | opcode: 00 | inst_ID: 01294027 | Flush: 0 || WB_RegWrite: 1 | WB_Addr:  8 | WB_Data: fffffffe
[Cycle  272] PC: 0000043c | opcode: 00 | inst_ID: 016a4823 | Flush: 0 || WB_RegWrite: 1 | WB_Addr: 10 | WB_Data: 00000000
[Cycle  273] PC: 00000440 | opcode: 00 | inst_ID: 010a5826 | Flush: 0 || WB_RegWrite: 1 | WB_Addr: 10 | WB_Data: 00000000
[Cycle  274] PC: 00000444 | opcode: 00 | inst_ID: 01495026 | Flush: 0 || WB_RegWrite: 1 | WB_Addr:  8 | WB_Data: 00000000
[Cycle  275] PC: 00000448 | opcode: 00 | inst_ID: 01695825 | Flush: 0 || WB_RegWrite: 1 | WB_Addr:  9 | WB_Data: ffffffff
[Cycle  276] PC: 0000044c | opcode: 00 | inst_ID: 012a4026 | Flush: 0 || WB_RegWrite: 1 | WB_Addr: 11 | WB_Data: 00000000
[Cycle  277] PC: 00000450 | opcode: 00 | inst_ID: 01695826 | Flush: 0 || WB_RegWrite: 1 | WB_Addr: 10 | WB_Data: ffffffff
[Cycle  278] PC: 00000454 | opcode: 00 | inst_ID: 01694823 | Flush: 0 || WB_RegWrite: 1 | WB_Addr: 11 | WB_Data: ffffffff
[Cycle  279] PC: 00000458 | opcode: 00 | inst_ID: 010b5021 | Flush: 0 || WB_RegWrite: 1 | WB_Addr:  8 | WB_Data: 00000000
[Cycle  280] PC: 0000045c | opcode: 00 | inst_ID: 010b4827 | Flush: 0 || WB_RegWrite: 1 | WB_Addr: 11 | WB_Data: 00000000
[Cycle  281] PC: 00000460 | opcode: 00 | inst_ID: 010a5821 | Flush: 0 || WB_RegWrite: 1 | WB_Addr:  9 | WB_Data: 00000001
[Cycle  282] PC: 00000464 | opcode: 00 | inst_ID: 0149482b | Flush: 0 || WB_RegWrite: 1 | WB_Addr: 10 | WB_Data: 00000000
[Cycle  283] PC: 00000468 | opcode: 00 | inst_ID: 012a5027 | Flush: 0 || WB_RegWrite: 1 | WB_Addr:  9 | WB_Data: ffffffff
[Cycle  284] PC: 0000046c | opcode: 00 | inst_ID: 010a4821 | Flush: 0 || WB_RegWrite: 1 | WB_Addr: 11 | WB_Data: 00000000
[Cycle  285] PC: 00000470 | opcode: 00 | inst_ID: 010a402b | Flush: 0 || WB_RegWrite: 1 | WB_Addr:  9 | WB_Data: 00000001
[Cycle  286] PC: 00000474 | opcode: 00 | inst_ID: 01084821 | Flush: 0 || WB_RegWrite: 1 | WB_Addr: 10 | WB_Data: fffffffe
[Cycle  287] PC: 00000478 | opcode: 00 | inst_ID: 010b5024 | Flush: 0 || WB_RegWrite: 1 | WB_Addr:  9 | WB_Data: fffffffe
[Cycle  288] PC: 0000047c | opcode: 00 | inst_ID: 010a4021 | Flush: 0 || WB_RegWrite: 1 | WB_Addr:  8 | WB_Data: 00000001
[Cycle  289] PC: 00000480 | opcode: 00 | inst_ID: 010b5024 | Flush: 0 || WB_RegWrite: 1 | WB_Addr:  9 | WB_Data: 00000002
[Cycle  290] PC: 00000484 | opcode: 00 | inst_ID: 014a5021 | Flush: 0 || WB_RegWrite: 1 | WB_Addr: 10 | WB_Data: 00000000
[Cycle  291] PC: 00000488 | opcode: 00 | inst_ID: 01284825 | Flush: 0 || WB_RegWrite: 1 | WB_Addr:  8 | WB_Data: 00000001
[Cycle  292] PC: 0000048c | opcode: 00 | inst_ID: 01285024 | Flush: 0 || WB_RegWrite: 1 | WB_Addr: 10 | WB_Data: 00000000
[Cycle  293] PC: 00000490 | opcode: 00 | inst_ID: 014b5826 | Flush: 0 || WB_RegWrite: 1 | WB_Addr: 10 | WB_Data: 00000000
[Cycle  294] PC: 00000494 | opcode: 00 | inst_ID: 012a4823 | Flush: 0 || WB_RegWrite: 1 | WB_Addr:  9 | WB_Data: 00000003
[Cycle  295] PC: 00000498 | opcode: 00 | inst_ID: 01685025 | Flush: 0 || WB_RegWrite: 1 | WB_Addr: 10 | WB_Data: 00000001
[Cycle  296] PC: 0000049c | opcode: 00 | inst_ID: 01085821 | Flush: 0 || WB_RegWrite: 1 | WB_Addr: 11 | WB_Data: 00000001
[Cycle  297] PC: 000004a0 | opcode: 00 | inst_ID: 01095824 | Flush: 0 || WB_RegWrite: 1 | WB_Addr:  9 | WB_Data: 00000002
[Cycle  298] PC: 000004a4 | opcode: 00 | inst_ID: 01085824 | Flush: 0 || WB_RegWrite: 1 | WB_Addr: 10 | WB_Data: 00000001
[Cycle  299] PC: 000004a8 | opcode: 00 | inst_ID: 016a4026 | Flush: 0 || WB_RegWrite: 1 | WB_Addr: 11 | WB_Data: 00000002
[Cycle  300] PC: 000004ac | opcode: 00 | inst_ID: 01495824 | Flush: 0 || WB_RegWrite: 1 | WB_Addr: 11 | WB_Data: 00000000
[Cycle  301] PC: 000004b0 | opcode: 00 | inst_ID: 01684025 | Flush: 0 || WB_RegWrite: 1 | WB_Addr: 11 | WB_Data: 00000001
[Cycle  302] PC: 000004b4 | opcode: 00 | inst_ID: 012a4826 | Flush: 0 || WB_RegWrite: 1 | WB_Addr:  8 | WB_Data: 00000000
[Cycle  303] PC: 000004b8 | opcode: 00 | inst_ID: 01494023 | Flush: 0 || WB_RegWrite: 1 | WB_Addr: 11 | WB_Data: 00000000
[Cycle  304] PC: 000004bc | opcode: 00 | inst_ID: 012a5023 | Flush: 0 || WB_RegWrite: 1 | WB_Addr:  8 | WB_Data: 00000000
[Cycle  305] PC: 000004c0 | opcode: 00 | inst_ID: 01095026 | Flush: 0 || WB_RegWrite: 1 | WB_Addr:  9 | WB_Data: 00000003
[Cycle  306] PC: 000004c4 | opcode: 00 | inst_ID: 010a5025 | Flush: 0 || WB_RegWrite: 1 | WB_Addr:  8 | WB_Data: fffffffe
[Cycle  307] PC: 000004c8 | opcode: 00 | inst_ID: 01284825 | Flush: 0 || WB_RegWrite: 1 | WB_Addr: 10 | WB_Data: 00000002
[Cycle  308] PC: 000004cc | opcode: 00 | inst_ID: 01295821 | Flush: 0 || WB_RegWrite: 1 | WB_Addr: 10 | WB_Data: fffffffd
[Cycle  309] PC: 000004d0 | opcode: 00 | inst_ID: 012a5826 | Flush: 0 || WB_RegWrite: 1 | WB_Addr: 10 | WB_Data: ffffffff
[Cycle  310] PC: 000004d4 | opcode: 00 | inst_ID: 0129482a | Flush: 0 || WB_RegWrite: 1 | WB_Addr:  9 | WB_Data: ffffffff
[Cycle  311] PC: 000004d8 | opcode: 00 | inst_ID: 01285025 | Flush: 0 || WB_RegWrite: 1 | WB_Addr: 11 | WB_Data: fffffffe
[Cycle  312] PC: 000004dc | opcode: 00 | inst_ID: 010a4821 | Flush: 0 || WB_RegWrite: 1 | WB_Addr: 11 | WB_Data: 00000000
[Cycle  313] PC: 000004e0 | opcode: 00 | inst_ID: 010b4026 | Flush: 0 || WB_RegWrite: 1 | WB_Addr:  9 | WB_Data: 00000000
[Cycle  314] PC: 000004e4 | opcode: 00 | inst_ID: 0149582a | Flush: 0 || WB_RegWrite: 1 | WB_Addr: 10 | WB_Data: fffffffe
[Cycle  315] PC: 000004e8 | opcode: 00 | inst_ID: 014a482a | Flush: 0 || WB_RegWrite: 1 | WB_Addr:  9 | WB_Data: fffffffc
[Cycle  316] PC: 000004ec | opcode: 00 | inst_ID: 014a502a | Flush: 0 || WB_RegWrite: 1 | WB_Addr:  8 | WB_Data: fffffffe
[Cycle  317] PC: 000004f0 | opcode: 00 | inst_ID: 01094823 | Flush: 0 || WB_RegWrite: 1 | WB_Addr: 11 | WB_Data: 00000000
[Cycle  318] PC: 000004f4 | opcode: 00 | inst_ID: 01284823 | Flush: 0 || WB_RegWrite: 1 | WB_Addr:  9 | WB_Data: 00000000
[Cycle  319] PC: 000004f8 | opcode: 00 | inst_ID: 0109402b | Flush: 0 || WB_RegWrite: 1 | WB_Addr: 10 | WB_Data: 00000000
[Cycle  320] PC: 000004fc | opcode: 00 | inst_ID: 01494025 | Flush: 0 || WB_RegWrite: 1 | WB_Addr:  9 | WB_Data: fffffffe
[Cycle  321] PC: 00000500 | opcode: 00 | inst_ID: 01094823 | Flush: 0 || WB_RegWrite: 1 | WB_Addr:  9 | WB_Data: 00000000
[Cycle  322] PC: 00000504 | opcode: 00 | inst_ID: 0129502b | Flush: 0 || WB_RegWrite: 1 | WB_Addr:  8 | WB_Data: 00000000
[Cycle  323] PC: 00000508 | opcode: 00 | inst_ID: 010b5825 | Flush: 0 || WB_RegWrite: 1 | WB_Addr:  8 | WB_Data: 00000000
[Cycle  324] PC: 0000050c | opcode: 00 | inst_ID: 016a5827 | Flush: 0 || WB_RegWrite: 1 | WB_Addr:  9 | WB_Data: 00000000
[Cycle  325] PC: 00000510 | opcode: 00 | inst_ID: 014b5026 | Flush: 0 || WB_RegWrite: 1 | WB_Addr: 10 | WB_Data: 00000000
[Cycle  326] PC: 00000514 | opcode: 00 | inst_ID: 01695821 | Flush: 0 || WB_RegWrite: 1 | WB_Addr: 11 | WB_Data: 00000000
[Cycle  327] PC: 00000518 | opcode: 00 | inst_ID: 01094024 | Flush: 0 || WB_RegWrite: 1 | WB_Addr: 11 | WB_Data: ffffffff
[Cycle  328] PC: 0000051c | opcode: 00 | inst_ID: 014b5821 | Flush: 0 || WB_RegWrite: 1 | WB_Addr: 10 | WB_Data: ffffffff
[Cycle  329] PC: 00000520 | opcode: 00 | inst_ID: 014b5825 | Flush: 0 || WB_RegWrite: 1 | WB_Addr: 11 | WB_Data: ffffffff
[Cycle  330] PC: 00000524 | opcode: 00 | inst_ID: 01695824 | Flush: 0 || WB_RegWrite: 1 | WB_Addr:  8 | WB_Data: 00000000
[Cycle  331] PC: 00000528 | opcode: 00 | inst_ID: 01494824 | Flush: 0 || WB_RegWrite: 1 | WB_Addr: 11 | WB_Data: fffffffe
[Cycle  332] PC: 0000052c | opcode: 00 | inst_ID: 0148482b | Flush: 0 || WB_RegWrite: 1 | WB_Addr: 11 | WB_Data: ffffffff
[Cycle  333] PC: 00000530 | opcode: 00 | inst_ID: 0128582a | Flush: 0 || WB_RegWrite: 1 | WB_Addr: 11 | WB_Data: 00000000
[Cycle  334] PC: 00000534 | opcode: 00 | inst_ID: 01095024 | Flush: 0 || WB_RegWrite: 1 | WB_Addr:  9 | WB_Data: 00000000
[Cycle  335] PC: 00000538 | opcode: 00 | inst_ID: 01085027 | Flush: 0 || WB_RegWrite: 1 | WB_Addr:  9 | WB_Data: 00000000
[Cycle  336] PC: 0000053c | opcode: 00 | inst_ID: 016a4824 | Flush: 0 || WB_RegWrite: 1 | WB_Addr: 11 | WB_Data: 00000000
[Cycle  337] PC: 00000540 | opcode: 00 | inst_ID: 010a5027 | Flush: 0 || WB_RegWrite: 1 | WB_Addr: 10 | WB_Data: 00000000
[Cycle  338] PC: 00000544 | opcode: 00 | inst_ID: 014a5021 | Flush: 0 || WB_RegWrite: 1 | WB_Addr: 10 | WB_Data: ffffffff
[Cycle  339] PC: 00000548 | opcode: 00 | inst_ID: 0109482b | Flush: 0 || WB_RegWrite: 1 | WB_Addr:  9 | WB_Data: 00000000
[Cycle  340] PC: 0000054c | opcode: 00 | inst_ID: 010a5826 | Flush: 0 || WB_RegWrite: 1 | WB_Addr: 10 | WB_Data: 00000000
[Cycle  341] PC: 00000550 | opcode: 00 | inst_ID: 014a502b | Flush: 0 || WB_RegWrite: 1 | WB_Addr: 10 | WB_Data: 00000000
[Cycle  342] PC: 00000554 | opcode: 00 | inst_ID: 012a4827 | Flush: 0 || WB_RegWrite: 1 | WB_Addr:  9 | WB_Data: 00000000
[Cycle  343] PC: 00000558 | opcode: 00 | inst_ID: 0148482a | Flush: 0 || WB_RegWrite: 1 | WB_Addr: 11 | WB_Data: 00000000
[Cycle  344] PC: 0000055c | opcode: 00 | inst_ID: 012b5024 | Flush: 0 || WB_RegWrite: 1 | WB_Addr: 10 | WB_Data: 00000000
[Cycle  345] PC: 00000560 | opcode: 00 | inst_ID: 010b5024 | Flush: 0 || WB_RegWrite: 1 | WB_Addr:  9 | WB_Data: ffffffff
[Cycle  346] PC: 00000564 | opcode: 00 | inst_ID: 01495827 | Flush: 0 || WB_RegWrite: 1 | WB_Addr:  9 | WB_Data: 00000000
[Cycle  347] PC: 00000568 | opcode: 00 | inst_ID: 01485024 | Flush: 0 || WB_RegWrite: 1 | WB_Addr: 10 | WB_Data: 00000000
[Cycle  348] PC: 0000056c | opcode: 00 | inst_ID: 014a5024 | Flush: 0 || WB_RegWrite: 1 | WB_Addr: 10 | WB_Data: 00000000
[Cycle  349] PC: 00000570 | opcode: 00 | inst_ID: 016b4026 | Flush: 0 || WB_RegWrite: 1 | WB_Addr: 11 | WB_Data: ffffffff
[Cycle  350] PC: 00000574 | opcode: 00 | inst_ID: 01084826 | Flush: 0 || WB_RegWrite: 1 | WB_Addr: 10 | WB_Data: 00000000
[Cycle  351] PC: 00000578 | opcode: 00 | inst_ID: 0149482a | Flush: 0 || WB_RegWrite: 1 | WB_Addr: 10 | WB_Data: 00000000
[Cycle  352] PC: 0000057c | opcode: 00 | inst_ID: 01685027 | Flush: 0 || WB_RegWrite: 1 | WB_Addr:  8 | WB_Data: 00000000
[Cycle  353] PC: 00000580 | opcode: 00 | inst_ID: 0129482b | Flush: 0 || WB_RegWrite: 1 | WB_Addr:  9 | WB_Data: 00000000
[Cycle  354] PC: 00000584 | opcode: 00 | inst_ID: 01094024 | Flush: 0 || WB_RegWrite: 1 | WB_Addr:  9 | WB_Data: 00000000
[Cycle  355] PC: 00000588 | opcode: 00 | inst_ID: 016a4825 | Flush: 0 || WB_RegWrite: 1 | WB_Addr: 10 | WB_Data: 00000000
[Cycle  356] PC: 0000058c | opcode: 00 | inst_ID: 01284826 | Flush: 0 || WB_RegWrite: 1 | WB_Addr:  9 | WB_Data: 00000000
[Cycle  357] PC: 00000590 | opcode: 00 | inst_ID: 01695025 | Flush: 0 || WB_RegWrite: 1 | WB_Addr:  8 | WB_Data: 00000000
[Cycle  358] PC: 00000594 | opcode: 00 | inst_ID: 010a5026 | Flush: 0 || WB_RegWrite: 1 | WB_Addr:  9 | WB_Data: ffffffff
[Cycle  359] PC: 00000598 | opcode: 00 | inst_ID: 014b4823 | Flush: 0 || WB_RegWrite: 1 | WB_Addr:  9 | WB_Data: ffffffff
[Cycle  360] PC: 0000059c | opcode: 00 | inst_ID: 012b4023 | Flush: 0 || WB_RegWrite: 1 | WB_Addr: 10 | WB_Data: ffffffff
[Cycle  361] PC: 000005a0 | opcode: 00 | inst_ID: 0129482b | Flush: 0 || WB_RegWrite: 1 | WB_Addr: 10 | WB_Data: ffffffff
[Cycle  362] PC: 000005a4 | opcode: 00 | inst_ID: 01284026 | Flush: 0 || WB_RegWrite: 1 | WB_Addr:  9 | WB_Data: 00000000
[Cycle  363] PC: 000005a8 | opcode: 00 | inst_ID: 01084821 | Flush: 0 || WB_RegWrite: 1 | WB_Addr:  8 | WB_Data: 00000001
[Cycle  364] PC: 000005ac | opcode: 00 | inst_ID: 014b5826 | Flush: 0 || WB_RegWrite: 1 | WB_Addr:  9 | WB_Data: 00000000
[Cycle  365] PC: 000005b0 | opcode: 00 | inst_ID: 01494023 | Flush: 0 || WB_RegWrite: 1 | WB_Addr:  8 | WB_Data: 00000001
[Cycle  366] PC: 000005b4 | opcode: 00 | inst_ID: 01295026 | Flush: 0 || WB_RegWrite: 1 | WB_Addr:  9 | WB_Data: 00000002
[Cycle  367] PC: 000005b8 | opcode: 00 | inst_ID: 012a582a | Flush: 0 || WB_RegWrite: 1 | WB_Addr: 11 | WB_Data: 00000000
[Cycle  368] PC: 000005bc | opcode: 00 | inst_ID: 016b5824 | Flush: 0 || WB_RegWrite: 1 | WB_Addr:  8 | WB_Data: fffffffd
[Cycle  369] PC: 000005c0 | opcode: 00 | inst_ID: 01495825 | Flush: 0 || WB_RegWrite: 1 | WB_Addr: 10 | WB_Data: 00000000
[Cycle  370] PC: 000005c4 | opcode: 00 | inst_ID: 01094025 | Flush: 0 || WB_RegWrite: 1 | WB_Addr: 11 | WB_Data: 00000000
[Cycle  371] PC: 000005c8 | opcode: 00 | inst_ID: 010a4027 | Flush: 0 || WB_RegWrite: 1 | WB_Addr: 11 | WB_Data: 00000000
[Cycle  372] PC: 000005cc | opcode: 00 | inst_ID: 016a4825 | Flush: 0 || WB_RegWrite: 1 | WB_Addr: 11 | WB_Data: 00000002
[Cycle  373] PC: 000005d0 | opcode: 00 | inst_ID: 012b5023 | Flush: 0 || WB_RegWrite: 1 | WB_Addr:  8 | WB_Data: ffffffff
[Cycle  374] PC: 000005d4 | opcode: 00 | inst_ID: 01684826 | Flush: 0 || WB_RegWrite: 1 | WB_Addr:  8 | WB_Data: 00000000
[Cycle  375] PC: 000005d8 | opcode: 00 | inst_ID: 010a4826 | Flush: 0 || WB_RegWrite: 1 | WB_Addr:  9 | WB_Data: 00000002
[Cycle  376] PC: 000005dc | opcode: 00 | inst_ID: 0128502b | Flush: 0 || WB_RegWrite: 1 | WB_Addr: 10 | WB_Data: 00000000
[Cycle  377] PC: 000005e0 | opcode: 00 | inst_ID: 0168502a | Flush: 0 || WB_RegWrite: 1 | WB_Addr:  9 | WB_Data: 00000002
[Cycle  378] PC: 000005e4 | opcode: 00 | inst_ID: 012a4025 | Flush: 0 || WB_RegWrite: 1 | WB_Addr:  9 | WB_Data: 00000000
[Cycle  379] PC: 000005e8 | opcode: 00 | inst_ID: 010b5021 | Flush: 0 || WB_RegWrite: 1 | WB_Addr: 10 | WB_Data: 00000000
[Cycle  380] PC: 000005ec | opcode: 00 | inst_ID: 014b502a | Flush: 0 || WB_RegWrite: 1 | WB_Addr: 10 | WB_Data: 00000000
[Cycle  381] PC: 000005f0 | opcode: 00 | inst_ID: 01294824 | Flush: 0 || WB_RegWrite: 1 | WB_Addr:  8 | WB_Data: 00000000
[Cycle  382] PC: 000005f4 | opcode: 00 | inst_ID: 0128502a | Flush: 0 || WB_RegWrite: 1 | WB_Addr: 10 | WB_Data: 00000002
[Cycle  383] PC: 000005f8 | opcode: 00 | inst_ID: 016b4827 | Flush: 0 || WB_RegWrite: 1 | WB_Addr: 10 | WB_Data: 00000000
[Cycle  384] PC: 000005fc | opcode: 00 | inst_ID: 016a5027 | Flush: 0 || WB_RegWrite: 1 | WB_Addr:  9 | WB_Data: 00000000
[Cycle  385] PC: 00000600 | opcode: 00 | inst_ID: 01095027 | Flush: 0 || WB_RegWrite: 1 | WB_Addr: 10 | WB_Data: 00000000
[Cycle  386] PC: 00000604 | opcode: 00 | inst_ID: 01684023 | Flush: 0 || WB_RegWrite: 1 | WB_Addr:  9 | WB_Data: fffffffd
[Cycle  387] PC: 00000608 | opcode: 00 | inst_ID: 01484026 | Flush: 0 || WB_RegWrite: 1 | WB_Addr: 10 | WB_Data: fffffffd
[Cycle  388] PC: 0000060c | opcode: 00 | inst_ID: 0128502a | Flush: 0 || WB_RegWrite: 1 | WB_Addr: 10 | WB_Data: 00000002
[Cycle  389] PC: 00000610 | opcode: 00 | inst_ID: 012b4826 | Flush: 0 || WB_RegWrite: 1 | WB_Addr:  8 | WB_Data: 00000002
[Cycle  390] PC: 00000614 | opcode: 00 | inst_ID: 014b582a | Flush: 0 || WB_RegWrite: 1 | WB_Addr:  8 | WB_Data: 00000000
[Cycle  391] PC: 00000618 | opcode: 00 | inst_ID: 010b4021 | Flush: 0 || WB_RegWrite: 1 | WB_Addr: 10 | WB_Data: 00000001
[Cycle  392] PC: 0000061c | opcode: 00 | inst_ID: 0129402b | Flush: 0 || WB_RegWrite: 1 | WB_Addr:  9 | WB_Data: ffffffff
[Cycle  393] PC: 00000620 | opcode: 00 | inst_ID: 014b4025 | Flush: 0 || WB_RegWrite: 1 | WB_Addr: 11 | WB_Data: 00000001
[Cycle  394] PC: 00000624 | opcode: 00 | inst_ID: 016a4026 | Flush: 0 || WB_RegWrite: 1 | WB_Addr:  8 | WB_Data: 00000001
[Cycle  395] PC: 00000628 | opcode: 00 | inst_ID: 01685827 | Flush: 0 || WB_RegWrite: 1 | WB_Addr:  8 | WB_Data: 00000000
[Cycle  396] PC: 0000062c | opcode: 00 | inst_ID: 01694821 | Flush: 0 || WB_RegWrite: 1 | WB_Addr:  8 | WB_Data: 00000001
[Cycle  397] PC: 00000630 | opcode: 00 | inst_ID: 010b5826 | Flush: 0 || WB_RegWrite: 1 | WB_Addr:  8 | WB_Data: 00000000
[Cycle  398] PC: 00000634 | opcode: 00 | inst_ID: 010a5823 | Flush: 0 || WB_RegWrite: 1 | WB_Addr: 11 | WB_Data: fffffffe
[Cycle  399] PC: 00000638 | opcode: 00 | inst_ID: 01285021 | Flush: 0 || WB_RegWrite: 1 | WB_Addr:  9 | WB_Data: fffffffd
[Cycle  400] PC: 0000063c | opcode: 00 | inst_ID: 012a402b | Flush: 0 || WB_RegWrite: 1 | WB_Addr: 11 | WB_Data: fffffffe
[Cycle  401] PC: 00000640 | opcode: 00 | inst_ID: 016b5826 | Flush: 0 || WB_RegWrite: 1 | WB_Addr: 11 | WB_Data: ffffffff
[Cycle  402] PC: 00000644 | opcode: 00 | inst_ID: 014a402b | Flush: 0 || WB_RegWrite: 1 | WB_Addr: 10 | WB_Data: fffffffd
[Cycle  403] PC: 00000648 | opcode: 00 | inst_ID: 016a4821 | Flush: 0 || WB_RegWrite: 1 | WB_Addr:  8 | WB_Data: 00000000
[Cycle  404] PC: 0000064c | opcode: 00 | inst_ID: 014a4824 | Flush: 0 || WB_RegWrite: 1 | WB_Addr: 11 | WB_Data: 00000000
[Cycle  405] PC: 00000650 | opcode: 00 | inst_ID: 01085824 | Flush: 0 || WB_RegWrite: 1 | WB_Addr:  8 | WB_Data: 00000000
[Cycle  406] PC: 00000654 | opcode: 00 | inst_ID: 01485024 | Flush: 0 || WB_RegWrite: 1 | WB_Addr:  9 | WB_Data: fffffffd
[Cycle  407] PC: 00000658 | opcode: 00 | inst_ID: 01495821 | Flush: 0 || WB_RegWrite: 1 | WB_Addr:  9 | WB_Data: fffffffd
[Cycle  408] PC: 0000065c | opcode: 00 | inst_ID: 010a5823 | Flush: 0 || WB_RegWrite: 1 | WB_Addr: 11 | WB_Data: 00000000
[Cycle  409] PC: 00000660 | opcode: 00 | inst_ID: 010b502a | Flush: 0 || WB_RegWrite: 1 | WB_Addr: 10 | WB_Data: 00000000
[Cycle  410] PC: 00000664 | opcode: 00 | inst_ID: 01695023 | Flush: 0 || WB_RegWrite: 1 | WB_Addr: 11 | WB_Data: fffffffd
[Cycle  411] PC: 00000668 | opcode: 00 | inst_ID: 01094826 | Flush: 0 || WB_RegWrite: 1 | WB_Addr: 11 | WB_Data: 00000000
[Cycle  412] PC: 0000066c | opcode: 00 | inst_ID: 012b4024 | Flush: 0 || WB_RegWrite: 1 | WB_Addr: 10 | WB_Data: 00000000
[Cycle  413] PC: 00000670 | opcode: 00 | inst_ID: 0108482b | Flush: 0 || WB_RegWrite: 1 | WB_Addr: 10 | WB_Data: 00000003
[Cycle  414] PC: 00000674 | opcode: 00 | inst_ID: 010b4823 | Flush: 0 || WB_RegWrite: 1 | WB_Addr:  9 | WB_Data: fffffffd
[Cycle  415] PC: 00000678 | opcode: 00 | inst_ID: 012b5825 | Flush: 0 || WB_RegWrite: 1 | WB_Addr:  8 | WB_Data: 00000000
[Cycle  416] PC: 0000067c | opcode: 00 | inst_ID: 010a4027 | Flush: 0 || WB_RegWrite: 1 | WB_Addr:  9 | WB_Data: 00000000
[Cycle  417] PC: 00000680 | opcode: 00 | inst_ID: 016b502a | Flush: 0 || WB_RegWrite: 1 | WB_Addr:  9 | WB_Data: 00000000
[Cycle  418] PC: 00000684 | opcode: 00 | inst_ID: 01285024 | Flush: 0 || WB_RegWrite: 1 | WB_Addr: 11 | WB_Data: 00000000
[Cycle  419] PC: 00000688 | opcode: 00 | inst_ID: 010a5026 | Flush: 0 || WB_RegWrite: 1 | WB_Addr:  8 | WB_Data: fffffffc
[Cycle  420] PC: 0000068c | opcode: 00 | inst_ID: 01294027 | Flush: 0 || WB_RegWrite: 1 | WB_Addr: 10 | WB_Data: 00000000
[Cycle  421] PC: 00000690 | opcode: 00 | inst_ID: 01284027 | Flush: 0 || WB_RegWrite: 1 | WB_Addr: 10 | WB_Data: 00000000
[Cycle  422] PC: 00000694 | opcode: 00 | inst_ID: 01484023 | Flush: 0 || WB_RegWrite: 1 | WB_Addr: 10 | WB_Data: fffffffc
[Cycle  423] PC: 00000698 | opcode: 00 | inst_ID: 01084024 | Flush: 0 || WB_RegWrite: 1 | WB_Addr:  8 | WB_Data: ffffffff
[Cycle  424] PC: 0000069c | opcode: 00 | inst_ID: 01694024 | Flush: 0 || WB_RegWrite: 1 | WB_Addr:  8 | WB_Data: 00000000
[Cycle  425] PC: 000006a0 | opcode: 00 | inst_ID: 014a4024 | Flush: 0 || WB_RegWrite: 1 | WB_Addr:  8 | WB_Data: fffffffc
[Cycle  426] PC: 000006a4 | opcode: 00 | inst_ID: 0128502b | Flush: 0 || WB_RegWrite: 1 | WB_Addr:  8 | WB_Data: fffffffc
[Cycle  427] PC: 000006a8 | opcode: 00 | inst_ID: 016b4821 | Flush: 0 || WB_RegWrite: 1 | WB_Addr:  8 | WB_Data: 00000000
[Cycle  428] PC: 000006ac | opcode: 00 | inst_ID: 01694026 | Flush: 0 || WB_RegWrite: 1 | WB_Addr:  8 | WB_Data: fffffffc
[Cycle  429] PC: 000006b0 | opcode: 00 | inst_ID: 01284026 | Flush: 0 || WB_RegWrite: 1 | WB_Addr: 10 | WB_Data: 00000001
[Cycle  430] PC: 000006b4 | opcode: 00 | inst_ID: 010b4825 | Flush: 0 || WB_RegWrite: 1 | WB_Addr:  9 | WB_Data: 00000000
[Cycle  431] PC: 000006b8 | opcode: 00 | inst_ID: 0109502b | Flush: 0 || WB_RegWrite: 1 | WB_Addr:  8 | WB_Data: 00000000
[Cycle  432] PC: 000006bc | opcode: 00 | inst_ID: 016a5026 | Flush: 0 || WB_RegWrite: 1 | WB_Addr:  8 | WB_Data: 00000000
[Cycle  433] PC: 000006c0 | opcode: 00 | inst_ID: 01085827 | Flush: 0 || WB_RegWrite: 1 | WB_Addr:  9 | WB_Data: 00000000
[Cycle  434] PC: 000006c4 | opcode: 00 | inst_ID: 010a4027 | Flush: 0 || WB_RegWrite: 1 | WB_Addr: 10 | WB_Data: 00000000
[Cycle  435] PC: 000006c8 | opcode: 00 | inst_ID: 01695026 | Flush: 0 || WB_RegWrite: 1 | WB_Addr: 10 | WB_Data: 00000000
[Cycle  436] PC: 000006cc | opcode: 00 | inst_ID: 012a582b | Flush: 0 || WB_RegWrite: 1 | WB_Addr: 11 | WB_Data: ffffffff
[Cycle  437] PC: 000006d0 | opcode: 00 | inst_ID: 014b4825 | Flush: 0 || WB_RegWrite: 1 | WB_Addr:  8 | WB_Data: ffffffff
[Cycle  438] PC: 000006d4 | opcode: 00 | inst_ID: 012a582b | Flush: 0 || WB_RegWrite: 1 | WB_Addr: 10 | WB_Data: ffffffff
[Cycle  439] PC: 000006d8 | opcode: 00 | inst_ID: 016b4025 | Flush: 0 || WB_RegWrite: 1 | WB_Addr: 11 | WB_Data: 00000001
[Cycle  440] PC: 000006dc | opcode: 00 | inst_ID: 01684821 | Flush: 0 || WB_RegWrite: 1 | WB_Addr:  9 | WB_Data: ffffffff
[Cycle  441] PC: 000006e0 | opcode: 00 | inst_ID: 01085021 | Flush: 0 || WB_RegWrite: 1 | WB_Addr: 11 | WB_Data: 00000000
[Cycle  442] PC: 000006e4 | opcode: 00 | inst_ID: 016b4824 | Flush: 0 || WB_RegWrite: 1 | WB_Addr:  8 | WB_Data: 00000000
[Cycle  443] PC: 000006e8 | opcode: 00 | inst_ID: 01685821 | Flush: 0 || WB_RegWrite: 1 | WB_Addr:  9 | WB_Data: 00000000
[Cycle  444] PC: 000006ec | opcode: 00 | inst_ID: 010b4821 | Flush: 0 || WB_RegWrite: 1 | WB_Addr: 10 | WB_Data: 00000000
[Cycle  445] PC: 000006f0 | opcode: 00 | inst_ID: 01285824 | Flush: 0 || WB_RegWrite: 1 | WB_Addr:  9 | WB_Data: 00000000
[Cycle  446] PC: 000006f4 | opcode: 00 | inst_ID: 01494823 | Flush: 0 || WB_RegWrite: 1 | WB_Addr: 11 | WB_Data: 00000000
[Cycle  447] PC: 000006f8 | opcode: 00 | inst_ID: 016b502b | Flush: 0 || WB_RegWrite: 1 | WB_Addr:  9 | WB_Data: 00000000
[Cycle  448] PC: 000006fc | opcode: 00 | inst_ID: 0168502a | Flush: 0 || WB_RegWrite: 1 | WB_Addr: 11 | WB_Data: 00000000
[Cycle  449] PC: 00000700 | opcode: 00 | inst_ID: 01495023 | Flush: 0 || WB_RegWrite: 1 | WB_Addr:  9 | WB_Data: 00000000
[Cycle  450] PC: 00000704 | opcode: 00 | inst_ID: 01494826 | Flush: 0 || WB_RegWrite: 1 | WB_Addr: 10 | WB_Data: 00000000
[Cycle  451] PC: 00000708 | opcode: 00 | inst_ID: 010b5025 | Flush: 0 || WB_RegWrite: 1 | WB_Addr: 10 | WB_Data: 00000000
[Cycle  452] PC: 0000070c | opcode: 00 | inst_ID: 012b4026 | Flush: 0 || WB_RegWrite: 1 | WB_Addr: 10 | WB_Data: 00000000
[Cycle  453] PC: 00000710 | opcode: 00 | inst_ID: 016b4821 | Flush: 0 || WB_RegWrite: 1 | WB_Addr:  9 | WB_Data: 00000000
[Cycle  454] PC: 00000714 | opcode: 00 | inst_ID: 010b5027 | Flush: 0 || WB_RegWrite: 1 | WB_Addr: 10 | WB_Data: 00000000
[Cycle  455] PC: 00000718 | opcode: 00 | inst_ID: 012b4025 | Flush: 0 || WB_RegWrite: 1 | WB_Addr:  8 | WB_Data: 00000000
[Cycle  456] PC: 0000071c | opcode: 00 | inst_ID: 012b5825 | Flush: 0 || WB_RegWrite: 1 | WB_Addr:  9 | WB_Data: 00000000
[Cycle  457] PC: 00000720 | opcode: 00 | inst_ID: 01085827 | Flush: 0 || WB_RegWrite: 1 | WB_Addr: 10 | WB_Data: ffffffff
[Cycle  458] PC: 00000724 | opcode: 00 | inst_ID: 014b502b | Flush: 0 || WB_RegWrite: 1 | WB_Addr:  8 | WB_Data: 00000000
[Cycle  459] PC: 00000728 | opcode: 00 | inst_ID: 014b4021 | Flush: 0 || WB_RegWrite: 1 | WB_Addr: 11 | WB_Data: 00000000
[Cycle  460] PC: 0000072c | opcode: 00 | inst_ID: 016b582a | Flush: 0 || WB_RegWrite: 1 | WB_Addr: 11 | WB_Data: ffffffff
[Cycle  461] PC: 00000730 | opcode: 00 | inst_ID: 012b5826 | Flush: 0 || WB_RegWrite: 1 | WB_Addr: 10 | WB_Data: 00000000
[Cycle  462] PC: 00000734 | opcode: 00 | inst_ID: 01495026 | Flush: 0 || WB_RegWrite: 1 | WB_Addr:  8 | WB_Data: ffffffff
[Cycle  463] PC: 00000738 | opcode: 00 | inst_ID: 012b5024 | Flush: 0 || WB_RegWrite: 1 | WB_Addr: 11 | WB_Data: 00000000
[Cycle  464] PC: 0000073c | opcode: 00 | inst_ID: 014b402b | Flush: 0 || WB_RegWrite: 1 | WB_Addr: 11 | WB_Data: 00000000
[Cycle  465] PC: 00000740 | opcode: 00 | inst_ID: 014a402a | Flush: 0 || WB_RegWrite: 1 | WB_Addr: 10 | WB_Data: 00000000
[Cycle  466] PC: 00000744 | opcode: 00 | inst_ID: 010a5021 | Flush: 0 || WB_RegWrite: 1 | WB_Addr: 10 | WB_Data: 00000000
[Cycle  467] PC: 00000748 | opcode: 00 | inst_ID: 012a5021 | Flush: 0 || WB_RegWrite: 1 | WB_Addr:  8 | WB_Data: 00000000
[Cycle  468] PC: 0000074c | opcode: 00 | inst_ID: 012b5823 | Flush: 0 || WB_RegWrite: 1 | WB_Addr:  8 | WB_Data: 00000000
[Cycle  469] PC: 00000750 | opcode: 00 | inst_ID: 014b4826 | Flush: 0 || WB_RegWrite: 1 | WB_Addr: 10 | WB_Data: 00000000
[Cycle  470] PC: 00000754 | opcode: 00 | inst_ID: 01084824 | Flush: 0 || WB_RegWrite: 1 | WB_Addr: 10 | WB_Data: 00000000
[Cycle  471] PC: 00000758 | opcode: 00 | inst_ID: 014b402a | Flush: 0 || WB_RegWrite: 1 | WB_Addr: 11 | WB_Data: 00000000
[Cycle  472] PC: 0000075c | opcode: 00 | inst_ID: 01085824 | Flush: 0 || WB_RegWrite: 1 | WB_Addr:  9 | WB_Data: 00000000
[Cycle  473] PC: 00000760 | opcode: 00 | inst_ID: 01295827 | Flush: 0 || WB_RegWrite: 1 | WB_Addr:  9 | WB_Data: 00000000
[Cycle  474] PC: 00000764 | opcode: 00 | inst_ID: 01495027 | Flush: 0 || WB_RegWrite: 1 | WB_Addr:  8 | WB_Data: 00000000
[Cycle  475] PC: 00000768 | opcode: 00 | inst_ID: 01084024 | Flush: 0 || WB_RegWrite: 1 | WB_Addr: 11 | WB_Data: 00000000
[Cycle  476] PC: 0000076c | opcode: 00 | inst_ID: 010b4021 | Flush: 0 || WB_RegWrite: 1 | WB_Addr: 11 | WB_Data: ffffffff
[Cycle  477] PC: 00000770 | opcode: 00 | inst_ID: 016b5027 | Flush: 0 || WB_RegWrite: 1 | WB_Addr: 10 | WB_Data: ffffffff
[Cycle  478] PC: 00000774 | opcode: 00 | inst_ID: 014a4826 | Flush: 0 || WB_RegWrite: 1 | WB_Addr:  8 | WB_Data: 00000000
[Cycle  479] PC: 00000778 | opcode: 00 | inst_ID: 01484824 | Flush: 0 || WB_RegWrite: 1 | WB_Addr:  8 | WB_Data: ffffffff
[Cycle  480] PC: 0000077c | opcode: 00 | inst_ID: 014b5023 | Flush: 0 || WB_RegWrite: 1 | WB_Addr: 10 | WB_Data: 00000000
[Cycle  481] PC: 00000780 | opcode: 00 | inst_ID: 012a582b | Flush: 0 || WB_RegWrite: 1 | WB_Addr:  9 | WB_Data: 00000000
[Cycle  482] PC: 00000784 | opcode: 00 | inst_ID: 016b4824 | Flush: 0 || WB_RegWrite: 1 | WB_Addr:  9 | WB_Data: 00000000
[Cycle  483] PC: 00000788 | opcode: 00 | inst_ID: 01694021 | Flush: 0 || WB_RegWrite: 1 | WB_Addr: 10 | WB_Data: 00000001
[Cycle  484] PC: 0000078c | opcode: 00 | inst_ID: 014b5825 | Flush: 0 || WB_RegWrite: 1 | WB_Addr: 11 | WB_Data: 00000001
[Cycle  485] PC: 00000790 | opcode: 00 | inst_ID: 01284823 | Flush: 0 || WB_RegWrite: 1 | WB_Addr:  9 | WB_Data: 00000001
[Cycle  486] PC: 00000794 | opcode: 00 | inst_ID: 0169582b | Flush: 0 || WB_RegWrite: 1 | WB_Addr:  8 | WB_Data: 00000002
[Cycle  487] PC: 00000798 | opcode: 00 | inst_ID: 01294024 | Flush: 0 || WB_RegWrite: 1 | WB_Addr: 11 | WB_Data: 00000001
[Cycle  488] PC: 0000079c | opcode: 00 | inst_ID: 014b4027 | Flush: 0 || WB_RegWrite: 1 | WB_Addr:  9 | WB_Data: ffffffff
[Cycle  489] PC: 000007a0 | opcode: 00 | inst_ID: 012b402a | Flush: 0 || WB_RegWrite: 1 | WB_Addr: 11 | WB_Data: 00000001
[Cycle  490] PC: 000007a4 | opcode: 00 | inst_ID: 012b5825 | Flush: 0 || WB_RegWrite: 1 | WB_Addr:  8 | WB_Data: ffffffff
[Cycle  491] PC: 000007a8 | opcode: 00 | inst_ID: 0148582b | Flush: 0 || WB_RegWrite: 1 | WB_Addr:  8 | WB_Data: fffffffe
[Cycle  492] PC: 000007ac | opcode: 00 | inst_ID: 01095825 | Flush: 0 || WB_RegWrite: 1 | WB_Addr:  8 | WB_Data: 00000001
[Cycle  493] PC: 000007b0 | opcode: 00 | inst_ID: 010b4025 | Flush: 0 || WB_RegWrite: 1 | WB_Addr: 11 | WB_Data: ffffffff
[Cycle  494] PC: 000007b4 | opcode: 00 | inst_ID: 01695025 | Flush: 0 || WB_RegWrite: 1 | WB_Addr: 11 | WB_Data: 00000000
[Cycle  495] PC: 000007b8 | opcode: 00 | inst_ID: 016b402b | Flush: 0 || WB_RegWrite: 1 | WB_Addr: 11 | WB_Data: ffffffff
[Cycle  496] PC: 000007bc | opcode: 00 | inst_ID: 01084023 | Flush: 0 || WB_RegWrite: 1 | WB_Addr:  8 | WB_Data: ffffffff
[Cycle  497] PC: 000007c0 | opcode: 00 | inst_ID: 01494026 | Flush: 0 || WB_RegWrite: 1 | WB_Addr: 10 | WB_Data: ffffffff
[Cycle  498] PC: 000007c4 | opcode: 00 | inst_ID: 016b4823 | Flush: 0 || WB_RegWrite: 1 | WB_Addr:  8 | WB_Data: 00000000
[Cycle  499] PC: 000007c8 | opcode: 00 | inst_ID: 010a5027 | Flush: 0 || WB_RegWrite: 1 | WB_Addr:  8 | WB_Data: 00000000
[Cycle  500] PC: 000007cc | opcode: 00 | inst_ID: 010a4823 | Flush: 0 || WB_RegWrite: 1 | WB_Addr:  8 | WB_Data: 00000000
[Cycle  501] PC: 000007d0 | opcode: 00 | inst_ID: 010b482a | Flush: 0 || WB_RegWrite: 1 | WB_Addr:  9 | WB_Data: 00000000
[Cycle  502] PC: 000007d4 | opcode: 00 | inst_ID: 01495025 | Flush: 0 || WB_RegWrite: 1 | WB_Addr: 10 | WB_Data: 00000000
[Cycle  503] PC: 000007d8 | opcode: 00 | inst_ID: 016b5024 | Flush: 0 || WB_RegWrite: 1 | WB_Addr:  9 | WB_Data: 00000000
[Cycle  504] PC: 000007dc | opcode: 00 | inst_ID: 01485027 | Flush: 0 || WB_RegWrite: 1 | WB_Addr:  9 | WB_Data: 00000000
[Cycle  505] PC: 000007e0 | opcode: 00 | inst_ID: 016a5023 | Flush: 0 || WB_RegWrite: 1 | WB_Addr: 10 | WB_Data: 00000000
[Cycle  506] PC: 000007e4 | opcode: 00 | inst_ID: 014b4025 | Flush: 0 || WB_RegWrite: 1 | WB_Addr: 10 | WB_Data: ffffffff
[Cycle  507] PC: 000007e8 | opcode: 00 | inst_ID: 016b502b | Flush: 0 || WB_RegWrite: 1 | WB_Addr: 10 | WB_Data: 00000000
[Cycle  508] PC: 000007ec | opcode: 00 | inst_ID: 010a5025 | Flush: 0 || WB_RegWrite: 1 | WB_Addr: 10 | WB_Data: ffffffff
[Cycle  509] PC: 000007f0 | opcode: 00 | inst_ID: 014a4823 | Flush: 0 || WB_RegWrite: 1 | WB_Addr:  8 | WB_Data: ffffffff
[Cycle  510] PC: 000007f4 | opcode: 00 | inst_ID: 00000000 | Flush: 0 || WB_RegWrite: 1 | WB_Addr: 10 | WB_Data: 00000000
[Cycle  511] PC: 000007f8 | opcode: 00 | inst_ID: 00000000 | Flush: 0 || WB_RegWrite: 1 | WB_Addr: 10 | WB_Data: ffffffff
[Cycle  512] PC: 000007fc | opcode: 00 | inst_ID: 00000000 | Flush: 0 || WB_RegWrite: 1 | WB_Addr:  9 | WB_Data: 00000000
